<?xml version='1.0' encoding='UTF-8'?>
<testsuite name="JUnit Jupiter" tests="181" skipped="4" failures="0" errors="0" time="17.41" hostname="travis-job-zuinnote-hadoopoffice-330543804.travisci.net" timestamp="2018-01-18T20:59:48">
<properties>
[...]
</properties>
<testcase name="createKeyStoreforPasswords()" classname="org.zuinnote.hadoop.office.format.common.HadoopKeyStoreManagerTest" time="0.802">
<system-out><![CDATA[
unique-id: [engine:junit-jupiter]/[class:org.zuinnote.hadoop.office.format.common.HadoopKeyStoreManagerTest]/[method:createKeyStoreforPasswords()]
display-name: createKeyStoreforPasswords()
]]></system-out>
</testcase>
<testcase name="getPrivateKeyAndCertificate()" classname="org.zuinnote.hadoop.office.format.common.HadoopKeyStoreManagerTest" time="0.027">
<system-out><![CDATA[
unique-id: [engine:junit-jupiter]/[class:org.zuinnote.hadoop.office.format.common.HadoopKeyStoreManagerTest]/[method:getPrivateKeyAndCertificate()]
display-name: getPrivateKeyAndCertificate()
]]></system-out>
</testcase>
<testcase name="loadExistingKeyStore()" classname="org.zuinnote.hadoop.office.format.common.HadoopKeyStoreManagerTest" time="0.012">
<system-out><![CDATA[
unique-id: [engine:junit-jupiter]/[class:org.zuinnote.hadoop.office.format.common.HadoopKeyStoreManagerTest]/[method:loadExistingKeyStore()]
display-name: loadExistingKeyStore()
]]></system-out>
</testcase>
<testcase name="checkCertificateAvailable()" classname="org.zuinnote.hadoop.office.format.common.HadoopKeyStoreManagerTest" time="0.007">
<system-out><![CDATA[
unique-id: [engine:junit-jupiter]/[class:org.zuinnote.hadoop.office.format.common.HadoopKeyStoreManagerTest]/[method:checkCertificateAvailable()]
display-name: checkCertificateAvailable()
]]></system-out>
</testcase>
<testcase name="checkKeystoreAvailable()" classname="org.zuinnote.hadoop.office.format.common.HadoopKeyStoreManagerTest" time="0">
<system-out><![CDATA[
unique-id: [engine:junit-jupiter]/[class:org.zuinnote.hadoop.office.format.common.HadoopKeyStoreManagerTest]/[method:checkKeystoreAvailable()]
display-name: checkKeystoreAvailable()
]]></system-out>
</testcase>
<testcase name="readExcelInputFormat()" classname="org.zuinnote.hadoop.office.format.common.OfficeReaderTest" time="0.001">
<system-out><![CDATA[
unique-id: [engine:junit-jupiter]/[class:org.zuinnote.hadoop.office.format.common.OfficeReaderTest]/[method:readExcelInputFormat()]
display-name: readExcelInputFormat()
]]></system-out>
</testcase>
<testcase name="checkTestExcel2013MultiSheetAvailable()" classname="org.zuinnote.hadoop.office.format.mapred.OfficeFormatHadoopExcelTest" time="0.001">
<system-out><![CDATA[
unique-id: [engine:junit-jupiter]/[class:org.zuinnote.hadoop.office.format.mapred.OfficeFormatHadoopExcelTest]/[method:checkTestExcel2013MultiSheetAvailable()]
display-name: checkTestExcel2013MultiSheetAvailable()
]]></system-out>
</testcase>
<testcase name="readExcelInputFormatExcel2013SingleSheet()" classname="org.zuinnote.hadoop.office.format.mapred.OfficeFormatHadoopExcelTest" time="1.355">
<system-out><![CDATA[
unique-id: [engine:junit-jupiter]/[class:org.zuinnote.hadoop.office.format.mapred.OfficeFormatHadoopExcelTest]/[method:readExcelInputFormatExcel2013SingleSheet()]
display-name: readExcelInputFormatExcel2013SingleSheet()
]]></system-out>
</testcase>
<testcase name="writeExcelOutputFormatExcel2013SingleSheetEncryptedPositiveSignedPositive()" classname="org.zuinnote.hadoop.office.format.mapred.OfficeFormatHadoopExcelTest" time="2.367">
<system-out><![CDATA[
unique-id: [engine:junit-jupiter]/[class:org.zuinnote.hadoop.office.format.mapred.OfficeFormatHadoopExcelTest]/[method:writeExcelOutputFormatExcel2013SingleSheetEncryptedPositiveSignedPositive()]
display-name: writeExcelOutputFormatExcel2013SingleSheetEncryptedPositiveSignedPositive()
]]></system-out>
</testcase>
<testcase name="writeExcelOutputFormatExcel2013SingleSheetMetaDataMatchAllPositive()" classname="org.zuinnote.hadoop.office.format.mapred.OfficeFormatHadoopExcelTest" time="0.164">
<system-out><![CDATA[
unique-id: [engine:junit-jupiter]/[class:org.zuinnote.hadoop.office.format.mapred.OfficeFormatHadoopExcelTest]/[method:writeExcelOutputFormatExcel2013SingleSheetMetaDataMatchAllPositive()]
display-name: writeExcelOutputFormatExcel2013SingleSheetMetaDataMatchAllPositive()
]]></system-out>
</testcase>
<testcase name="checkTestExcel2003LinkedWorkbook1()" classname="org.zuinnote.hadoop.office.format.mapred.OfficeFormatHadoopExcelTest" time="0">
<system-out><![CDATA[
unique-id: [engine:junit-jupiter]/[class:org.zuinnote.hadoop.office.format.mapred.OfficeFormatHadoopExcelTest]/[method:checkTestExcel2003LinkedWorkbook1()]
display-name: checkTestExcel2003LinkedWorkbook1()
]]></system-out>
</testcase>
<testcase name="checkTestExcel2003LinkedWorkbook2()" classname="org.zuinnote.hadoop.office.format.mapred.OfficeFormatHadoopExcelTest" time="0.001">
<system-out><![CDATA[
unique-id: [engine:junit-jupiter]/[class:org.zuinnote.hadoop.office.format.mapred.OfficeFormatHadoopExcelTest]/[method:checkTestExcel2003LinkedWorkbook2()]
display-name: checkTestExcel2003LinkedWorkbook2()
]]></system-out>
</testcase>
<testcase name="writeExcelOutputFormatExcel2013SingleSheetEncryptedPositiveSignedNegative()" classname="org.zuinnote.hadoop.office.format.mapred.OfficeFormatHadoopExcelTest" time="0.26">
<system-out><![CDATA[
unique-id: [engine:junit-jupiter]/[class:org.zuinnote.hadoop.office.format.mapred.OfficeFormatHadoopExcelTest]/[method:writeExcelOutputFormatExcel2013SingleSheetEncryptedPositiveSignedNegative()]
display-name: writeExcelOutputFormatExcel2013SingleSheetEncryptedPositiveSignedNegative()
]]></system-out>
</testcase>
<testcase name="writeExcelOutputFormatExcel2013SingleSheetTwoLinkedWorkbooks()" classname="org.zuinnote.hadoop.office.format.mapred.OfficeFormatHadoopExcelTest" time="0">
<skipped><![CDATA[This does not work yet due to a bug in Apache POI that prevents writing correct workbooks containing external references: https://bz.apache.org/bugzilla/show_bug.cgi?id=57184]]></skipped>
<system-out><![CDATA[
unique-id: [engine:junit-jupiter]/[class:org.zuinnote.hadoop.office.format.mapred.OfficeFormatHadoopExcelTest]/[method:writeExcelOutputFormatExcel2013SingleSheetTwoLinkedWorkbooks()]
display-name: writeExcelOutputFormatExcel2013SingleSheetTwoLinkedWorkbooks()
]]></system-out>
</testcase>
<testcase name="writeExcelOutputFormatExcel2013SingleSheetMetaDataMatchAllNegative()" classname="org.zuinnote.hadoop.office.format.mapred.OfficeFormatHadoopExcelTest" time="0.054">
<system-out><![CDATA[
unique-id: [engine:junit-jupiter]/[class:org.zuinnote.hadoop.office.format.mapred.OfficeFormatHadoopExcelTest]/[method:writeExcelOutputFormatExcel2013SingleSheetMetaDataMatchAllNegative()]
display-name: writeExcelOutputFormatExcel2013SingleSheetMetaDataMatchAllNegative()
]]></system-out>
</testcase>
<testcase name="writeExcelOutputFormatExcel2013SingleSheetEncryptedKeyStorePositive()" classname="org.zuinnote.hadoop.office.format.mapred.OfficeFormatHadoopExcelTest" time="0.276">
<system-out><![CDATA[
unique-id: [engine:junit-jupiter]/[class:org.zuinnote.hadoop.office.format.mapred.OfficeFormatHadoopExcelTest]/[method:writeExcelOutputFormatExcel2013SingleSheetEncryptedKeyStorePositive()]
display-name: writeExcelOutputFormatExcel2013SingleSheetEncryptedKeyStorePositive()
]]></system-out>
</testcase>
<testcase name="writeExcelOutputFormatExcel2013SingleSheetComment()" classname="org.zuinnote.hadoop.office.format.mapred.OfficeFormatHadoopExcelTest" time="0.432">
<system-out><![CDATA[
unique-id: [engine:junit-jupiter]/[class:org.zuinnote.hadoop.office.format.mapred.OfficeFormatHadoopExcelTest]/[method:writeExcelOutputFormatExcel2013SingleSheetComment()]
display-name: writeExcelOutputFormatExcel2013SingleSheetComment()
]]></system-out>
</testcase>
<testcase name="readExcelInputFormatExcel2003MultiSheetAllLowFootPrint()" classname="org.zuinnote.hadoop.office.format.mapred.OfficeFormatHadoopExcelTest" time="0.219">
<system-out><![CDATA[
unique-id: [engine:junit-jupiter]/[class:org.zuinnote.hadoop.office.format.mapred.OfficeFormatHadoopExcelTest]/[method:readExcelInputFormatExcel2003MultiSheetAllLowFootPrint()]
display-name: readExcelInputFormatExcel2003MultiSheetAllLowFootPrint()
]]></system-out>
</testcase>
<testcase name="readExcelInputFormatExcel2003SingleSheet()" classname="org.zuinnote.hadoop.office.format.mapred.OfficeFormatHadoopExcelTest" time="0.111">
<system-out><![CDATA[
unique-id: [engine:junit-jupiter]/[class:org.zuinnote.hadoop.office.format.mapred.OfficeFormatHadoopExcelTest]/[method:readExcelInputFormatExcel2003SingleSheet()]
display-name: readExcelInputFormatExcel2003SingleSheet()
]]></system-out>
</testcase>
<testcase name="checkTestExcel2003MainWorkbook()" classname="org.zuinnote.hadoop.office.format.mapred.OfficeFormatHadoopExcelTest" time="0.001">
<system-out><![CDATA[
unique-id: [engine:junit-jupiter]/[class:org.zuinnote.hadoop.office.format.mapred.OfficeFormatHadoopExcelTest]/[method:checkTestExcel2003MainWorkbook()]
display-name: checkTestExcel2003MainWorkbook()
]]></system-out>
</testcase>
<testcase name="checkTestExcel2013MultiSheetGzipAvailable()" classname="org.zuinnote.hadoop.office.format.mapred.OfficeFormatHadoopExcelTest" time="0">
<system-out><![CDATA[
unique-id: [engine:junit-jupiter]/[class:org.zuinnote.hadoop.office.format.mapred.OfficeFormatHadoopExcelTest]/[method:checkTestExcel2013MultiSheetGzipAvailable()]
display-name: checkTestExcel2013MultiSheetGzipAvailable()
]]></system-out>
</testcase>
<testcase name="readExcelInputFormatExcel2013LinkedWorkbook()" classname="org.zuinnote.hadoop.office.format.mapred.OfficeFormatHadoopExcelTest" time="0.077">
<system-out><![CDATA[
unique-id: [engine:junit-jupiter]/[class:org.zuinnote.hadoop.office.format.mapred.OfficeFormatHadoopExcelTest]/[method:readExcelInputFormatExcel2013LinkedWorkbook()]
display-name: readExcelInputFormatExcel2013LinkedWorkbook()
]]></system-out>
</testcase>
<testcase name="readExcelInputFormatExcel2003SingleSheetEncryptedNegativeLowFootprint()" classname="org.zuinnote.hadoop.office.format.mapred.OfficeFormatHadoopExcelTest" time="0.014">
<system-out><![CDATA[
unique-id: [engine:junit-jupiter]/[class:org.zuinnote.hadoop.office.format.mapred.OfficeFormatHadoopExcelTest]/[method:readExcelInputFormatExcel2003SingleSheetEncryptedNegativeLowFootprint()]
display-name: readExcelInputFormatExcel2003SingleSheetEncryptedNegativeLowFootprint()
]]></system-out>
</testcase>
<testcase name="readExcelInputFormatExcel2013SingleSheetEncryptedNegativeLowFootprint()" classname="org.zuinnote.hadoop.office.format.mapred.OfficeFormatHadoopExcelTest" time="0.037">
<system-out><![CDATA[
unique-id: [engine:junit-jupiter]/[class:org.zuinnote.hadoop.office.format.mapred.OfficeFormatHadoopExcelTest]/[method:readExcelInputFormatExcel2013SingleSheetEncryptedNegativeLowFootprint()]
display-name: readExcelInputFormatExcel2013SingleSheetEncryptedNegativeLowFootprint()
]]></system-out>
</testcase>
<testcase name="writeExcelOutputFormatExcel2013SingleSheetLowFootPrintSignedPositive()" classname="org.zuinnote.hadoop.office.format.mapred.OfficeFormatHadoopExcelTest" time="0.575">
<system-out><![CDATA[
unique-id: [engine:junit-jupiter]/[class:org.zuinnote.hadoop.office.format.mapred.OfficeFormatHadoopExcelTest]/[method:writeExcelOutputFormatExcel2013SingleSheetLowFootPrintSignedPositive()]
display-name: writeExcelOutputFormatExcel2013SingleSheetLowFootPrintSignedPositive()
]]></system-out>
</testcase>
<testcase name="readExcelInputFormatExcel2013SingleSheetEncryptedKeyStoreAliasPositive()" classname="org.zuinnote.hadoop.office.format.mapred.OfficeFormatHadoopExcelTest" time="0.039">
<system-out><![CDATA[
unique-id: [engine:junit-jupiter]/[class:org.zuinnote.hadoop.office.format.mapred.OfficeFormatHadoopExcelTest]/[method:readExcelInputFormatExcel2013SingleSheetEncryptedKeyStoreAliasPositive()]
display-name: readExcelInputFormatExcel2013SingleSheetEncryptedKeyStoreAliasPositive()
]]></system-out>
</testcase>
<testcase name="readExcelInputFormatExcel2003LinkedWorkbook()" classname="org.zuinnote.hadoop.office.format.mapred.OfficeFormatHadoopExcelTest" time="0.029">
<system-out><![CDATA[
unique-id: [engine:junit-jupiter]/[class:org.zuinnote.hadoop.office.format.mapred.OfficeFormatHadoopExcelTest]/[method:readExcelInputFormatExcel2003LinkedWorkbook()]
display-name: readExcelInputFormatExcel2003LinkedWorkbook()
]]></system-out>
</testcase>
<testcase name="writeExcelOutputFormatExcel2003SingleSheetMetaDataMatchOncePositive()" classname="org.zuinnote.hadoop.office.format.mapred.OfficeFormatHadoopExcelTest" time="0.091">
<system-out><![CDATA[
unique-id: [engine:junit-jupiter]/[class:org.zuinnote.hadoop.office.format.mapred.OfficeFormatHadoopExcelTest]/[method:writeExcelOutputFormatExcel2003SingleSheetMetaDataMatchOncePositive()]
display-name: writeExcelOutputFormatExcel2003SingleSheetMetaDataMatchOncePositive()
]]></system-out>
</testcase>
<testcase name="checkTestExcel2003EmptySheetAvailable()" classname="org.zuinnote.hadoop.office.format.mapred.OfficeFormatHadoopExcelTest" time="0.001">
<system-out><![CDATA[
unique-id: [engine:junit-jupiter]/[class:org.zuinnote.hadoop.office.format.mapred.OfficeFormatHadoopExcelTest]/[method:checkTestExcel2003EmptySheetAvailable()]
display-name: checkTestExcel2003EmptySheetAvailable()
]]></system-out>
</testcase>
<testcase name="writeExcelOutputFormatExcel2013SingleSheetGZipCompressed()" classname="org.zuinnote.hadoop.office.format.mapred.OfficeFormatHadoopExcelTest" time="0.071">
<system-out><![CDATA[
unique-id: [engine:junit-jupiter]/[class:org.zuinnote.hadoop.office.format.mapred.OfficeFormatHadoopExcelTest]/[method:writeExcelOutputFormatExcel2013SingleSheetGZipCompressed()]
display-name: writeExcelOutputFormatExcel2013SingleSheetGZipCompressed()
]]></system-out>
</testcase>
<testcase name="writeExcelOutputFormatExcel2013SingleSheetLowFootPrintSignedNegative()" classname="org.zuinnote.hadoop.office.format.mapred.OfficeFormatHadoopExcelTest" time="0.062">
<system-out><![CDATA[
unique-id: [engine:junit-jupiter]/[class:org.zuinnote.hadoop.office.format.mapred.OfficeFormatHadoopExcelTest]/[method:writeExcelOutputFormatExcel2013SingleSheetLowFootPrintSignedNegative()]
display-name: writeExcelOutputFormatExcel2013SingleSheetLowFootPrintSignedNegative()
]]></system-out>
</testcase>
<testcase name="writeExcelOutputFormatExcel2003SingleSheetMetaDataMatchOnceNegative()" classname="org.zuinnote.hadoop.office.format.mapred.OfficeFormatHadoopExcelTest" time="0.023">
<system-out><![CDATA[
unique-id: [engine:junit-jupiter]/[class:org.zuinnote.hadoop.office.format.mapred.OfficeFormatHadoopExcelTest]/[method:writeExcelOutputFormatExcel2003SingleSheetMetaDataMatchOnceNegative()]
display-name: writeExcelOutputFormatExcel2003SingleSheetMetaDataMatchOnceNegative()
]]></system-out>
</testcase>
<testcase name="readExcelInputFormatExcel2013MultiSheetAllLowFootPrint()" classname="org.zuinnote.hadoop.office.format.mapred.OfficeFormatHadoopExcelTest" time="0.044">
<system-out><![CDATA[
unique-id: [engine:junit-jupiter]/[class:org.zuinnote.hadoop.office.format.mapred.OfficeFormatHadoopExcelTest]/[method:readExcelInputFormatExcel2013MultiSheetAllLowFootPrint()]
display-name: readExcelInputFormatExcel2013MultiSheetAllLowFootPrint()
]]></system-out>
</testcase>
<testcase name="checkTestExcel2013EmptySheetAvailable()" classname="org.zuinnote.hadoop.office.format.mapred.OfficeFormatHadoopExcelTest" time="0">
<system-out><![CDATA[
unique-id: [engine:junit-jupiter]/[class:org.zuinnote.hadoop.office.format.mapred.OfficeFormatHadoopExcelTest]/[method:checkTestExcel2013EmptySheetAvailable()]
display-name: checkTestExcel2013EmptySheetAvailable()
]]></system-out>
</testcase>
<testcase name="readExcelInputFormatExcel2013MultiSheetSelectedSheet()" classname="org.zuinnote.hadoop.office.format.mapred.OfficeFormatHadoopExcelTest" time="0.024">
<system-out><![CDATA[
unique-id: [engine:junit-jupiter]/[class:org.zuinnote.hadoop.office.format.mapred.OfficeFormatHadoopExcelTest]/[method:readExcelInputFormatExcel2013MultiSheetSelectedSheet()]
display-name: readExcelInputFormatExcel2013MultiSheetSelectedSheet()
]]></system-out>
</testcase>
<testcase name="checkTestExcel2013LinkedWorkbook1()" classname="org.zuinnote.hadoop.office.format.mapred.OfficeFormatHadoopExcelTest" time="0">
<system-out><![CDATA[
unique-id: [engine:junit-jupiter]/[class:org.zuinnote.hadoop.office.format.mapred.OfficeFormatHadoopExcelTest]/[method:checkTestExcel2013LinkedWorkbook1()]
display-name: checkTestExcel2013LinkedWorkbook1()
]]></system-out>
</testcase>
<testcase name="checkTestExcel2013LinkedWorkbook2()" classname="org.zuinnote.hadoop.office.format.mapred.OfficeFormatHadoopExcelTest" time="0">
<system-out><![CDATA[
unique-id: [engine:junit-jupiter]/[class:org.zuinnote.hadoop.office.format.mapred.OfficeFormatHadoopExcelTest]/[method:checkTestExcel2013LinkedWorkbook2()]
display-name: checkTestExcel2013LinkedWorkbook2()
]]></system-out>
</testcase>
<testcase name="writeExcelOutputFormatExcel2013SingleSheetEncryptedPositiveLowFootprint()" classname="org.zuinnote.hadoop.office.format.mapred.OfficeFormatHadoopExcelTest" time="0.245">
<system-out><![CDATA[
unique-id: [engine:junit-jupiter]/[class:org.zuinnote.hadoop.office.format.mapred.OfficeFormatHadoopExcelTest]/[method:writeExcelOutputFormatExcel2013SingleSheetEncryptedPositiveLowFootprint()]
display-name: writeExcelOutputFormatExcel2013SingleSheetEncryptedPositiveLowFootprint()
]]></system-out>
</testcase>
<testcase name="readExcelInputFormatBzip2CompressedExcel2013MultiSheetAll()" classname="org.zuinnote.hadoop.office.format.mapred.OfficeFormatHadoopExcelTest" time="0.041">
<system-out><![CDATA[
unique-id: [engine:junit-jupiter]/[class:org.zuinnote.hadoop.office.format.mapred.OfficeFormatHadoopExcelTest]/[method:readExcelInputFormatBzip2CompressedExcel2013MultiSheetAll()]
display-name: readExcelInputFormatBzip2CompressedExcel2013MultiSheetAll()
]]></system-out>
</testcase>
<testcase name="readExcelInputFormatExcel2003EmptyRowsLowFootprint()" classname="org.zuinnote.hadoop.office.format.mapred.OfficeFormatHadoopExcelTest" time="0.009">
<system-out><![CDATA[
unique-id: [engine:junit-jupiter]/[class:org.zuinnote.hadoop.office.format.mapred.OfficeFormatHadoopExcelTest]/[method:readExcelInputFormatExcel2003EmptyRowsLowFootprint()]
display-name: readExcelInputFormatExcel2003EmptyRowsLowFootprint()
]]></system-out>
</testcase>
<testcase name="checkTestExcel2013TemplateAvailable()" classname="org.zuinnote.hadoop.office.format.mapred.OfficeFormatHadoopExcelTest" time="0">
<system-out><![CDATA[
unique-id: [engine:junit-jupiter]/[class:org.zuinnote.hadoop.office.format.mapred.OfficeFormatHadoopExcelTest]/[method:checkTestExcel2013TemplateAvailable()]
display-name: checkTestExcel2013TemplateAvailable()
]]></system-out>
</testcase>
<testcase name="writeExcelOutputFormatExcel2013SingleSheetLowFootPrintSignedNegativeReadLowFootprint()" classname="org.zuinnote.hadoop.office.format.mapred.OfficeFormatHadoopExcelTest" time="0.034">
<system-out><![CDATA[
unique-id: [engine:junit-jupiter]/[class:org.zuinnote.hadoop.office.format.mapred.OfficeFormatHadoopExcelTest]/[method:writeExcelOutputFormatExcel2013SingleSheetLowFootPrintSignedNegativeReadLowFootprint()]
display-name: writeExcelOutputFormatExcel2013SingleSheetLowFootPrintSignedNegativeReadLowFootprint()
]]></system-out>
</testcase>
<testcase name="readExcelInputFormatExcel2013SingleSheetLowFootprint()" classname="org.zuinnote.hadoop.office.format.mapred.OfficeFormatHadoopExcelTest" time="0.011">
<system-out><![CDATA[
unique-id: [engine:junit-jupiter]/[class:org.zuinnote.hadoop.office.format.mapred.OfficeFormatHadoopExcelTest]/[method:readExcelInputFormatExcel2013SingleSheetLowFootprint()]
display-name: readExcelInputFormatExcel2013SingleSheetLowFootprint()
]]></system-out>
</testcase>
<testcase name="checkTestExcel2003SingleSheetAvailable()" classname="org.zuinnote.hadoop.office.format.mapred.OfficeFormatHadoopExcelTest" time="0">
<system-out><![CDATA[
unique-id: [engine:junit-jupiter]/[class:org.zuinnote.hadoop.office.format.mapred.OfficeFormatHadoopExcelTest]/[method:checkTestExcel2003SingleSheetAvailable()]
display-name: checkTestExcel2003SingleSheetAvailable()
]]></system-out>
</testcase>
<testcase name="readExcelInputFormatGzipCompressedExcel2013MultiSheetAll()" classname="org.zuinnote.hadoop.office.format.mapred.OfficeFormatHadoopExcelTest" time="0.021">
<system-out><![CDATA[
unique-id: [engine:junit-jupiter]/[class:org.zuinnote.hadoop.office.format.mapred.OfficeFormatHadoopExcelTest]/[method:readExcelInputFormatGzipCompressedExcel2013MultiSheetAll()]
display-name: readExcelInputFormatGzipCompressedExcel2013MultiSheetAll()
]]></system-out>
</testcase>
<testcase name="checkTestExcel2013EmptyRows()" classname="org.zuinnote.hadoop.office.format.mapred.OfficeFormatHadoopExcelTest" time="0">
<system-out><![CDATA[
unique-id: [engine:junit-jupiter]/[class:org.zuinnote.hadoop.office.format.mapred.OfficeFormatHadoopExcelTest]/[method:checkTestExcel2013EmptyRows()]
display-name: checkTestExcel2013EmptyRows()
]]></system-out>
</testcase>
<testcase name="writeExcelOutputFormatExcel2003SingleSheetOneLinkedWorkbook()" classname="org.zuinnote.hadoop.office.format.mapred.OfficeFormatHadoopExcelTest" time="0.053">
<system-out><![CDATA[
unique-id: [engine:junit-jupiter]/[class:org.zuinnote.hadoop.office.format.mapred.OfficeFormatHadoopExcelTest]/[method:writeExcelOutputFormatExcel2003SingleSheetOneLinkedWorkbook()]
display-name: writeExcelOutputFormatExcel2003SingleSheetOneLinkedWorkbook()
]]></system-out>
</testcase>
<testcase name="writeExcelOutputFormatExcel2013SingleSheetOneLinkedWorkbook()" classname="org.zuinnote.hadoop.office.format.mapred.OfficeFormatHadoopExcelTest" time="0">
<skipped><![CDATA[This does not work yet due to a bug in Apache POI that prevents writing correct workbooks containing external references: https://bz.apache.org/bugzilla/show_bug.cgi?id=57184]]></skipped>
<system-out><![CDATA[
unique-id: [engine:junit-jupiter]/[class:org.zuinnote.hadoop.office.format.mapred.OfficeFormatHadoopExcelTest]/[method:writeExcelOutputFormatExcel2013SingleSheetOneLinkedWorkbook()]
display-name: writeExcelOutputFormatExcel2013SingleSheetOneLinkedWorkbook()
]]></system-out>
</testcase>
<testcase name="writeExcelOutputFormatExcel2013TemplateEncryptedSingleSheetPositive()" classname="org.zuinnote.hadoop.office.format.mapred.OfficeFormatHadoopExcelTest" time="0.177">
<system-out><![CDATA[
unique-id: [engine:junit-jupiter]/[class:org.zuinnote.hadoop.office.format.mapred.OfficeFormatHadoopExcelTest]/[method:writeExcelOutputFormatExcel2013TemplateEncryptedSingleSheetPositive()]
display-name: writeExcelOutputFormatExcel2013TemplateEncryptedSingleSheetPositive()
]]></system-out>
</testcase>
<testcase name="writeExcelOutputFormatExcel2013SingleSheetEncryptedPositiveLowFootprintSignedPositive()" classname="org.zuinnote.hadoop.office.format.mapred.OfficeFormatHadoopExcelTest" time="0.497">
<system-out><![CDATA[
unique-id: [engine:junit-jupiter]/[class:org.zuinnote.hadoop.office.format.mapred.OfficeFormatHadoopExcelTest]/[method:writeExcelOutputFormatExcel2013SingleSheetEncryptedPositiveLowFootprintSignedPositive()]
display-name: writeExcelOutputFormatExcel2013SingleSheetEncryptedPositiveLowFootprintSignedPositive()
]]></system-out>
</testcase>
<testcase name="readExcelInputFormatExcel2003SingleSheetEncryptedPositive()" classname="org.zuinnote.hadoop.office.format.mapred.OfficeFormatHadoopExcelTest" time="0.012">
<system-out><![CDATA[
unique-id: [engine:junit-jupiter]/[class:org.zuinnote.hadoop.office.format.mapred.OfficeFormatHadoopExcelTest]/[method:readExcelInputFormatExcel2003SingleSheetEncryptedPositive()]
display-name: readExcelInputFormatExcel2003SingleSheetEncryptedPositive()
]]></system-out>
</testcase>
<testcase name="readExcelInputFormatExcel2013SingleSheetEncryptedPositive()" classname="org.zuinnote.hadoop.office.format.mapred.OfficeFormatHadoopExcelTest" time="0.035">
<system-out><![CDATA[
unique-id: [engine:junit-jupiter]/[class:org.zuinnote.hadoop.office.format.mapred.OfficeFormatHadoopExcelTest]/[method:readExcelInputFormatExcel2013SingleSheetEncryptedPositive()]
display-name: readExcelInputFormatExcel2013SingleSheetEncryptedPositive()
]]></system-out>
</testcase>
<testcase name="writeExcelOutputFormatExcel2003SingleSheetEncryptedPositive()" classname="org.zuinnote.hadoop.office.format.mapred.OfficeFormatHadoopExcelTest" time="0.034">
<system-out><![CDATA[
unique-id: [engine:junit-jupiter]/[class:org.zuinnote.hadoop.office.format.mapred.OfficeFormatHadoopExcelTest]/[method:writeExcelOutputFormatExcel2003SingleSheetEncryptedPositive()]
display-name: writeExcelOutputFormatExcel2003SingleSheetEncryptedPositive()
]]></system-out>
</testcase>
<testcase name="writeExcelOutputFormatExcel2013SingleSheetEncryptedPositive()" classname="org.zuinnote.hadoop.office.format.mapred.OfficeFormatHadoopExcelTest" time="0.226">
<system-out><![CDATA[
unique-id: [engine:junit-jupiter]/[class:org.zuinnote.hadoop.office.format.mapred.OfficeFormatHadoopExcelTest]/[method:writeExcelOutputFormatExcel2013SingleSheetEncryptedPositive()]
display-name: writeExcelOutputFormatExcel2013SingleSheetEncryptedPositive()
]]></system-out>
</testcase>
<testcase name="readExcelInputFormatExcel2013SingleSheetEncryptedKeyStorePositive()" classname="org.zuinnote.hadoop.office.format.mapred.OfficeFormatHadoopExcelTest" time="0.042">
<system-out><![CDATA[
unique-id: [engine:junit-jupiter]/[class:org.zuinnote.hadoop.office.format.mapred.OfficeFormatHadoopExcelTest]/[method:readExcelInputFormatExcel2013SingleSheetEncryptedKeyStorePositive()]
display-name: readExcelInputFormatExcel2013SingleSheetEncryptedKeyStorePositive()
]]></system-out>
</testcase>
<testcase name="writeExcelOutputFormatExcel2013TemplateEncryptedSingleSheetNegative()" classname="org.zuinnote.hadoop.office.format.mapred.OfficeFormatHadoopExcelTest" time="0.2">
<system-out><![CDATA[
unique-id: [engine:junit-jupiter]/[class:org.zuinnote.hadoop.office.format.mapred.OfficeFormatHadoopExcelTest]/[method:writeExcelOutputFormatExcel2013TemplateEncryptedSingleSheetNegative()]
display-name: writeExcelOutputFormatExcel2013TemplateEncryptedSingleSheetNegative()
]]></system-out>
</testcase>
<testcase name="writeExcelOutputFormatExcel2013TemplateSingleSheet()" classname="org.zuinnote.hadoop.office.format.mapred.OfficeFormatHadoopExcelTest" time="0.057">
<system-out><![CDATA[
unique-id: [engine:junit-jupiter]/[class:org.zuinnote.hadoop.office.format.mapred.OfficeFormatHadoopExcelTest]/[method:writeExcelOutputFormatExcel2013TemplateSingleSheet()]
display-name: writeExcelOutputFormatExcel2013TemplateSingleSheet()
]]></system-out>
</testcase>
<testcase name="readExcelInputFormatExcel2013MultiSheetAll()" classname="org.zuinnote.hadoop.office.format.mapred.OfficeFormatHadoopExcelTest" time="0.036">
<system-out><![CDATA[
unique-id: [engine:junit-jupiter]/[class:org.zuinnote.hadoop.office.format.mapred.OfficeFormatHadoopExcelTest]/[method:readExcelInputFormatExcel2013MultiSheetAll()]
display-name: readExcelInputFormatExcel2013MultiSheetAll()
]]></system-out>
</testcase>
<testcase name="writeExcelOutputFormatExcel2013SingleSheetEncryptedPositiveLowFootprintSignedNegative()" classname="org.zuinnote.hadoop.office.format.mapred.OfficeFormatHadoopExcelTest" time="0.229">
<system-out><![CDATA[
unique-id: [engine:junit-jupiter]/[class:org.zuinnote.hadoop.office.format.mapred.OfficeFormatHadoopExcelTest]/[method:writeExcelOutputFormatExcel2013SingleSheetEncryptedPositiveLowFootprintSignedNegative()]
display-name: writeExcelOutputFormatExcel2013SingleSheetEncryptedPositiveLowFootprintSignedNegative()
]]></system-out>
</testcase>
<testcase name="checkTestExcel2013CommentAvailable()" classname="org.zuinnote.hadoop.office.format.mapred.OfficeFormatHadoopExcelTest" time="0">
<system-out><![CDATA[
unique-id: [engine:junit-jupiter]/[class:org.zuinnote.hadoop.office.format.mapred.OfficeFormatHadoopExcelTest]/[method:checkTestExcel2013CommentAvailable()]
display-name: checkTestExcel2013CommentAvailable()
]]></system-out>
</testcase>
<testcase name="readExcelInputFormatExcel2003SingleSheetEncryptedNegative()" classname="org.zuinnote.hadoop.office.format.mapred.OfficeFormatHadoopExcelTest" time="0.003">
<system-out><![CDATA[
unique-id: [engine:junit-jupiter]/[class:org.zuinnote.hadoop.office.format.mapred.OfficeFormatHadoopExcelTest]/[method:readExcelInputFormatExcel2003SingleSheetEncryptedNegative()]
display-name: readExcelInputFormatExcel2003SingleSheetEncryptedNegative()
]]></system-out>
</testcase>
<testcase name="readExcelInputFormatExcel2013SingleSheetEncryptedNegative()" classname="org.zuinnote.hadoop.office.format.mapred.OfficeFormatHadoopExcelTest" time="0.05">
<system-out><![CDATA[
unique-id: [engine:junit-jupiter]/[class:org.zuinnote.hadoop.office.format.mapred.OfficeFormatHadoopExcelTest]/[method:readExcelInputFormatExcel2013SingleSheetEncryptedNegative()]
display-name: readExcelInputFormatExcel2013SingleSheetEncryptedNegative()
]]></system-out>
</testcase>
<testcase name="readExcelInputFormatExcel2003Empty()" classname="org.zuinnote.hadoop.office.format.mapred.OfficeFormatHadoopExcelTest" time="0.004">
<system-out><![CDATA[
unique-id: [engine:junit-jupiter]/[class:org.zuinnote.hadoop.office.format.mapred.OfficeFormatHadoopExcelTest]/[method:readExcelInputFormatExcel2003Empty()]
display-name: readExcelInputFormatExcel2003Empty()
]]></system-out>
</testcase>
<testcase name="writeExcelOutputFormatExcel2003SingleSheetEncryptedNegative()" classname="org.zuinnote.hadoop.office.format.mapred.OfficeFormatHadoopExcelTest" time="0.031">
<system-out><![CDATA[
unique-id: [engine:junit-jupiter]/[class:org.zuinnote.hadoop.office.format.mapred.OfficeFormatHadoopExcelTest]/[method:writeExcelOutputFormatExcel2003SingleSheetEncryptedNegative()]
display-name: writeExcelOutputFormatExcel2003SingleSheetEncryptedNegative()
]]></system-out>
</testcase>
<testcase name="writeExcelOutputFormatExcel2013SingleSheetEncryptedNegative()" classname="org.zuinnote.hadoop.office.format.mapred.OfficeFormatHadoopExcelTest" time="0.341">
<system-out><![CDATA[
unique-id: [engine:junit-jupiter]/[class:org.zuinnote.hadoop.office.format.mapred.OfficeFormatHadoopExcelTest]/[method:writeExcelOutputFormatExcel2013SingleSheetEncryptedNegative()]
display-name: writeExcelOutputFormatExcel2013SingleSheetEncryptedNegative()
]]></system-out>
</testcase>
<testcase name="checkTestExcel2013LinkedWorkbooksLink2Available()" classname="org.zuinnote.hadoop.office.format.mapred.OfficeFormatHadoopExcelTest" time="0">
<system-out><![CDATA[
unique-id: [engine:junit-jupiter]/[class:org.zuinnote.hadoop.office.format.mapred.OfficeFormatHadoopExcelTest]/[method:checkTestExcel2013LinkedWorkbooksLink2Available()]
display-name: checkTestExcel2013LinkedWorkbooksLink2Available()
]]></system-out>
</testcase>
<testcase name="writeExcelOutputFormatExcel2013SingleSheetMetaDataMatchOncePositive()" classname="org.zuinnote.hadoop.office.format.mapred.OfficeFormatHadoopExcelTest" time="0.038">
<system-out><![CDATA[
unique-id: [engine:junit-jupiter]/[class:org.zuinnote.hadoop.office.format.mapred.OfficeFormatHadoopExcelTest]/[method:writeExcelOutputFormatExcel2013SingleSheetMetaDataMatchOncePositive()]
display-name: writeExcelOutputFormatExcel2013SingleSheetMetaDataMatchOncePositive()
]]></system-out>
</testcase>
<testcase name="checkTestExcel2013TemplateEncryptedAvailable()" classname="org.zuinnote.hadoop.office.format.mapred.OfficeFormatHadoopExcelTest" time="0">
<system-out><![CDATA[
unique-id: [engine:junit-jupiter]/[class:org.zuinnote.hadoop.office.format.mapred.OfficeFormatHadoopExcelTest]/[method:checkTestExcel2013TemplateEncryptedAvailable()]
display-name: checkTestExcel2013TemplateEncryptedAvailable()
]]></system-out>
</testcase>
<testcase name="readExcelInputFormatExcel2013EmptyRowsLowFootprint()" classname="org.zuinnote.hadoop.office.format.mapred.OfficeFormatHadoopExcelTest" time="0.009">
<system-out><![CDATA[
unique-id: [engine:junit-jupiter]/[class:org.zuinnote.hadoop.office.format.mapred.OfficeFormatHadoopExcelTest]/[method:readExcelInputFormatExcel2013EmptyRowsLowFootprint()]
display-name: readExcelInputFormatExcel2013EmptyRowsLowFootprint()
]]></system-out>
</testcase>
<testcase name="writeExcelOutputFormatExcel2013SingleSheetLowFootPrint()" classname="org.zuinnote.hadoop.office.format.mapred.OfficeFormatHadoopExcelTest" time="0.034">
<system-out><![CDATA[
unique-id: [engine:junit-jupiter]/[class:org.zuinnote.hadoop.office.format.mapred.OfficeFormatHadoopExcelTest]/[method:writeExcelOutputFormatExcel2013SingleSheetLowFootPrint()]
display-name: writeExcelOutputFormatExcel2013SingleSheetLowFootPrint()
]]></system-out>
</testcase>
<testcase name="writeExcelOutputFormatExcel2013SingleSheetMetaDataMatchOnceNegative()" classname="org.zuinnote.hadoop.office.format.mapred.OfficeFormatHadoopExcelTest" time="0.028">
<system-out><![CDATA[
unique-id: [engine:junit-jupiter]/[class:org.zuinnote.hadoop.office.format.mapred.OfficeFormatHadoopExcelTest]/[method:writeExcelOutputFormatExcel2013SingleSheetMetaDataMatchOnceNegative()]
display-name: writeExcelOutputFormatExcel2013SingleSheetMetaDataMatchOnceNegative()
]]></system-out>
</testcase>
<testcase name="checkTestExcel2013LinkedWorkbooksLink1Available()" classname="org.zuinnote.hadoop.office.format.mapred.OfficeFormatHadoopExcelTest" time="0.001">
<system-out><![CDATA[
unique-id: [engine:junit-jupiter]/[class:org.zuinnote.hadoop.office.format.mapred.OfficeFormatHadoopExcelTest]/[method:checkTestExcel2013LinkedWorkbooksLink1Available()]
display-name: checkTestExcel2013LinkedWorkbooksLink1Available()
]]></system-out>
</testcase>
<testcase name="writeExcelOutputFormatExcel2013SingleSheetSignedPositive()" classname="org.zuinnote.hadoop.office.format.mapred.OfficeFormatHadoopExcelTest" time="0.169">
<system-out><![CDATA[
unique-id: [engine:junit-jupiter]/[class:org.zuinnote.hadoop.office.format.mapred.OfficeFormatHadoopExcelTest]/[method:writeExcelOutputFormatExcel2013SingleSheetSignedPositive()]
display-name: writeExcelOutputFormatExcel2013SingleSheetSignedPositive()
]]></system-out>
</testcase>
<testcase name="writeExcelOutputFormatExcel2013SingleSheet()" classname="org.zuinnote.hadoop.office.format.mapred.OfficeFormatHadoopExcelTest" time="0.036">
<system-out><![CDATA[
unique-id: [engine:junit-jupiter]/[class:org.zuinnote.hadoop.office.format.mapred.OfficeFormatHadoopExcelTest]/[method:writeExcelOutputFormatExcel2013SingleSheet()]
display-name: writeExcelOutputFormatExcel2013SingleSheet()
]]></system-out>
</testcase>
<testcase name="writeExcelOutputFormatExcel2013SingleSheetEncryptedKeyStoreAliasPositive()" classname="org.zuinnote.hadoop.office.format.mapred.OfficeFormatHadoopExcelTest" time="0.227">
<system-out><![CDATA[
unique-id: [engine:junit-jupiter]/[class:org.zuinnote.hadoop.office.format.mapred.OfficeFormatHadoopExcelTest]/[method:writeExcelOutputFormatExcel2013SingleSheetEncryptedKeyStoreAliasPositive()]
display-name: writeExcelOutputFormatExcel2013SingleSheetEncryptedKeyStoreAliasPositive()
]]></system-out>
</testcase>
<testcase name="readExcelInputFormatExcel2013Comment()" classname="org.zuinnote.hadoop.office.format.mapred.OfficeFormatHadoopExcelTest" time="0.022">
<system-out><![CDATA[
unique-id: [engine:junit-jupiter]/[class:org.zuinnote.hadoop.office.format.mapred.OfficeFormatHadoopExcelTest]/[method:readExcelInputFormatExcel2013Comment()]
display-name: readExcelInputFormatExcel2013Comment()
]]></system-out>
</testcase>
<testcase name="writeExcelOutputFormatExcel2013SingleSheetSignedNegative()" classname="org.zuinnote.hadoop.office.format.mapred.OfficeFormatHadoopExcelTest" time="0.057">
<system-out><![CDATA[
unique-id: [engine:junit-jupiter]/[class:org.zuinnote.hadoop.office.format.mapred.OfficeFormatHadoopExcelTest]/[method:writeExcelOutputFormatExcel2013SingleSheetSignedNegative()]
display-name: writeExcelOutputFormatExcel2013SingleSheetSignedNegative()
]]></system-out>
</testcase>
<testcase name="readExcelInputFormatExcel2003SingleSheetEncryptedPositiveLowFootprint()" classname="org.zuinnote.hadoop.office.format.mapred.OfficeFormatHadoopExcelTest" time="0.016">
<system-out><![CDATA[
unique-id: [engine:junit-jupiter]/[class:org.zuinnote.hadoop.office.format.mapred.OfficeFormatHadoopExcelTest]/[method:readExcelInputFormatExcel2003SingleSheetEncryptedPositiveLowFootprint()]
display-name: readExcelInputFormatExcel2003SingleSheetEncryptedPositiveLowFootprint()
]]></system-out>
</testcase>
<testcase name="writeExcelOutputFormatExcel2013SingleSheetEncryptedNegativeLowFootprint()" classname="org.zuinnote.hadoop.office.format.mapred.OfficeFormatHadoopExcelTest" time="0.306">
<system-out><![CDATA[
unique-id: [engine:junit-jupiter]/[class:org.zuinnote.hadoop.office.format.mapred.OfficeFormatHadoopExcelTest]/[method:writeExcelOutputFormatExcel2013SingleSheetEncryptedNegativeLowFootprint()]
display-name: writeExcelOutputFormatExcel2013SingleSheetEncryptedNegativeLowFootprint()
]]></system-out>
</testcase>
<testcase name="readExcelInputFormatExcel2013Empty()" classname="org.zuinnote.hadoop.office.format.mapred.OfficeFormatHadoopExcelTest" time="0.008">
<system-out><![CDATA[
unique-id: [engine:junit-jupiter]/[class:org.zuinnote.hadoop.office.format.mapred.OfficeFormatHadoopExcelTest]/[method:readExcelInputFormatExcel2013Empty()]
display-name: readExcelInputFormatExcel2013Empty()
]]></system-out>
</testcase>
<testcase name="checkTestExcel2013LinkedWorkbooksAvailable()" classname="org.zuinnote.hadoop.office.format.mapred.OfficeFormatHadoopExcelTest" time="0.001">
<system-out><![CDATA[
unique-id: [engine:junit-jupiter]/[class:org.zuinnote.hadoop.office.format.mapred.OfficeFormatHadoopExcelTest]/[method:checkTestExcel2013LinkedWorkbooksAvailable()]
display-name: checkTestExcel2013LinkedWorkbooksAvailable()
]]></system-out>
</testcase>
<testcase name="readExcelInputFormatExcel2013SingleSheetEncryptedPositiveLowFootprint()" classname="org.zuinnote.hadoop.office.format.mapred.OfficeFormatHadoopExcelTest" time="0.03">
<system-out><![CDATA[
unique-id: [engine:junit-jupiter]/[class:org.zuinnote.hadoop.office.format.mapred.OfficeFormatHadoopExcelTest]/[method:readExcelInputFormatExcel2013SingleSheetEncryptedPositiveLowFootprint()]
display-name: readExcelInputFormatExcel2013SingleSheetEncryptedPositiveLowFootprint()
]]></system-out>
</testcase>
<testcase name="readExcelInputFormatExcel2003SingleSheetLowFootprint()" classname="org.zuinnote.hadoop.office.format.mapred.OfficeFormatHadoopExcelTest" time="0.01">
<system-out><![CDATA[
unique-id: [engine:junit-jupiter]/[class:org.zuinnote.hadoop.office.format.mapred.OfficeFormatHadoopExcelTest]/[method:readExcelInputFormatExcel2003SingleSheetLowFootprint()]
display-name: readExcelInputFormatExcel2003SingleSheetLowFootprint()
]]></system-out>
</testcase>
<testcase name="checkTestExcel2003EmptyRows()" classname="org.zuinnote.hadoop.office.format.mapred.OfficeFormatHadoopExcelTest" time="0">
<system-out><![CDATA[
unique-id: [engine:junit-jupiter]/[class:org.zuinnote.hadoop.office.format.mapred.OfficeFormatHadoopExcelTest]/[method:checkTestExcel2003EmptyRows()]
display-name: checkTestExcel2003EmptyRows()
]]></system-out>
</testcase>
<testcase name="checkTestExcel2013MultiSheetBzip2Available()" classname="org.zuinnote.hadoop.office.format.mapred.OfficeFormatHadoopExcelTest" time="0">
<system-out><![CDATA[
unique-id: [engine:junit-jupiter]/[class:org.zuinnote.hadoop.office.format.mapred.OfficeFormatHadoopExcelTest]/[method:checkTestExcel2013MultiSheetBzip2Available()]
display-name: checkTestExcel2013MultiSheetBzip2Available()
]]></system-out>
</testcase>
<testcase name="writeExcelOutputFormatExcel2003SingleSheetMetaDataMatchAllPositive()" classname="org.zuinnote.hadoop.office.format.mapred.OfficeFormatHadoopExcelTest" time="0.066">
<system-out><![CDATA[
unique-id: [engine:junit-jupiter]/[class:org.zuinnote.hadoop.office.format.mapred.OfficeFormatHadoopExcelTest]/[method:writeExcelOutputFormatExcel2003SingleSheetMetaDataMatchAllPositive()]
display-name: writeExcelOutputFormatExcel2003SingleSheetMetaDataMatchAllPositive()
]]></system-out>
</testcase>
<testcase name="readExcelInputFormatExcel2013EmptyRows()" classname="org.zuinnote.hadoop.office.format.mapred.OfficeFormatHadoopExcelTest" time="0.013">
<system-out><![CDATA[
unique-id: [engine:junit-jupiter]/[class:org.zuinnote.hadoop.office.format.mapred.OfficeFormatHadoopExcelTest]/[method:readExcelInputFormatExcel2013EmptyRows()]
display-name: readExcelInputFormatExcel2013EmptyRows()
]]></system-out>
</testcase>
<testcase name="writeExcelOutputFormatExcel2013MultiSheet()" classname="org.zuinnote.hadoop.office.format.mapred.OfficeFormatHadoopExcelTest" time="0.03">
<system-out><![CDATA[
unique-id: [engine:junit-jupiter]/[class:org.zuinnote.hadoop.office.format.mapred.OfficeFormatHadoopExcelTest]/[method:writeExcelOutputFormatExcel2013MultiSheet()]
display-name: writeExcelOutputFormatExcel2013MultiSheet()
]]></system-out>
</testcase>
<testcase name="checkTestExcel2013SingleSheetAvailable()" classname="org.zuinnote.hadoop.office.format.mapred.OfficeFormatHadoopExcelTest" time="0">
<system-out><![CDATA[
unique-id: [engine:junit-jupiter]/[class:org.zuinnote.hadoop.office.format.mapred.OfficeFormatHadoopExcelTest]/[method:checkTestExcel2013SingleSheetAvailable()]
display-name: checkTestExcel2013SingleSheetAvailable()
]]></system-out>
</testcase>
<testcase name="checkTestExcel2013MainWorkbook()" classname="org.zuinnote.hadoop.office.format.mapred.OfficeFormatHadoopExcelTest" time="0">
<system-out><![CDATA[
unique-id: [engine:junit-jupiter]/[class:org.zuinnote.hadoop.office.format.mapred.OfficeFormatHadoopExcelTest]/[method:checkTestExcel2013MainWorkbook()]
display-name: checkTestExcel2013MainWorkbook()
]]></system-out>
</testcase>
<testcase name="writeExcelOutputFormatExcel2013SingleSheetLowFootPrintSignedPositiveReadLowFootprint()" classname="org.zuinnote.hadoop.office.format.mapred.OfficeFormatHadoopExcelTest" time="0.096">
<system-out><![CDATA[
unique-id: [engine:junit-jupiter]/[class:org.zuinnote.hadoop.office.format.mapred.OfficeFormatHadoopExcelTest]/[method:writeExcelOutputFormatExcel2013SingleSheetLowFootPrintSignedPositiveReadLowFootprint()]
display-name: writeExcelOutputFormatExcel2013SingleSheetLowFootPrintSignedPositiveReadLowFootprint()
]]></system-out>
</testcase>
<testcase name="writeExcelOutputFormatExcel2003SingleSheetTwoLinkedWorkbooks()" classname="org.zuinnote.hadoop.office.format.mapred.OfficeFormatHadoopExcelTest" time="0.069">
<system-out><![CDATA[
unique-id: [engine:junit-jupiter]/[class:org.zuinnote.hadoop.office.format.mapred.OfficeFormatHadoopExcelTest]/[method:writeExcelOutputFormatExcel2003SingleSheetTwoLinkedWorkbooks()]
display-name: writeExcelOutputFormatExcel2003SingleSheetTwoLinkedWorkbooks()
]]></system-out>
</testcase>
<testcase name="writeExcelOutputFormatExcel2003SingleSheetMetaDataMatchAllNegative()" classname="org.zuinnote.hadoop.office.format.mapred.OfficeFormatHadoopExcelTest" time="0.012">
<system-out><![CDATA[
unique-id: [engine:junit-jupiter]/[class:org.zuinnote.hadoop.office.format.mapred.OfficeFormatHadoopExcelTest]/[method:writeExcelOutputFormatExcel2003SingleSheetMetaDataMatchAllNegative()]
display-name: writeExcelOutputFormatExcel2003SingleSheetMetaDataMatchAllNegative()
]]></system-out>
</testcase>
<testcase name="checkTestExcel2013MultiSheetAvailable()" classname="org.zuinnote.hadoop.office.format.mapreduce.OfficeFormatHadoopExcelTest" time="0.001">
<system-out><![CDATA[
unique-id: [engine:junit-jupiter]/[class:org.zuinnote.hadoop.office.format.mapreduce.OfficeFormatHadoopExcelTest]/[method:checkTestExcel2013MultiSheetAvailable()]
display-name: checkTestExcel2013MultiSheetAvailable()
]]></system-out>
</testcase>
<testcase name="readExcelInputFormatExcel2013SingleSheet()" classname="org.zuinnote.hadoop.office.format.mapreduce.OfficeFormatHadoopExcelTest" time="0.033">
<system-out><![CDATA[
unique-id: [engine:junit-jupiter]/[class:org.zuinnote.hadoop.office.format.mapreduce.OfficeFormatHadoopExcelTest]/[method:readExcelInputFormatExcel2013SingleSheet()]
display-name: readExcelInputFormatExcel2013SingleSheet()
]]></system-out>
</testcase>
<testcase name="writeExcelOutputFormatExcel2013SingleSheetEncryptedPositiveSignedPositive()" classname="org.zuinnote.hadoop.office.format.mapreduce.OfficeFormatHadoopExcelTest" time="0.546">
<system-out><![CDATA[
unique-id: [engine:junit-jupiter]/[class:org.zuinnote.hadoop.office.format.mapreduce.OfficeFormatHadoopExcelTest]/[method:writeExcelOutputFormatExcel2013SingleSheetEncryptedPositiveSignedPositive()]
display-name: writeExcelOutputFormatExcel2013SingleSheetEncryptedPositiveSignedPositive()
]]></system-out>
</testcase>
<testcase name="writeExcelOutputFormatExcel2013SingleSheetMetaDataMatchAllPositive()" classname="org.zuinnote.hadoop.office.format.mapreduce.OfficeFormatHadoopExcelTest" time="0.056">
<system-out><![CDATA[
unique-id: [engine:junit-jupiter]/[class:org.zuinnote.hadoop.office.format.mapreduce.OfficeFormatHadoopExcelTest]/[method:writeExcelOutputFormatExcel2013SingleSheetMetaDataMatchAllPositive()]
display-name: writeExcelOutputFormatExcel2013SingleSheetMetaDataMatchAllPositive()
]]></system-out>
</testcase>
<testcase name="checkTestExcel2003LinkedWorkbook1()" classname="org.zuinnote.hadoop.office.format.mapreduce.OfficeFormatHadoopExcelTest" time="0.001">
<system-out><![CDATA[
unique-id: [engine:junit-jupiter]/[class:org.zuinnote.hadoop.office.format.mapreduce.OfficeFormatHadoopExcelTest]/[method:checkTestExcel2003LinkedWorkbook1()]
display-name: checkTestExcel2003LinkedWorkbook1()
]]></system-out>
</testcase>
<testcase name="checkTestExcel2003LinkedWorkbook2()" classname="org.zuinnote.hadoop.office.format.mapreduce.OfficeFormatHadoopExcelTest" time="0">
<system-out><![CDATA[
unique-id: [engine:junit-jupiter]/[class:org.zuinnote.hadoop.office.format.mapreduce.OfficeFormatHadoopExcelTest]/[method:checkTestExcel2003LinkedWorkbook2()]
display-name: checkTestExcel2003LinkedWorkbook2()
]]></system-out>
</testcase>
<testcase name="writeExcelOutputFormatExcel2013SingleSheetEncryptedPositiveSignedNegative()" classname="org.zuinnote.hadoop.office.format.mapreduce.OfficeFormatHadoopExcelTest" time="0.233">
<system-out><![CDATA[
unique-id: [engine:junit-jupiter]/[class:org.zuinnote.hadoop.office.format.mapreduce.OfficeFormatHadoopExcelTest]/[method:writeExcelOutputFormatExcel2013SingleSheetEncryptedPositiveSignedNegative()]
display-name: writeExcelOutputFormatExcel2013SingleSheetEncryptedPositiveSignedNegative()
]]></system-out>
</testcase>
<testcase name="writeExcelOutputFormatExcel2013SingleSheetTwoLinkedWorkbooks()" classname="org.zuinnote.hadoop.office.format.mapreduce.OfficeFormatHadoopExcelTest" time="0">
<skipped><![CDATA[This does not work yet due to a bug in Apache POI that prevents writing correct workbooks containing external references: https://bz.apache.org/bugzilla/show_bug.cgi?id=57184]]></skipped>
<system-out><![CDATA[
unique-id: [engine:junit-jupiter]/[class:org.zuinnote.hadoop.office.format.mapreduce.OfficeFormatHadoopExcelTest]/[method:writeExcelOutputFormatExcel2013SingleSheetTwoLinkedWorkbooks()]
display-name: writeExcelOutputFormatExcel2013SingleSheetTwoLinkedWorkbooks()
]]></system-out>
</testcase>
<testcase name="writeExcelOutputFormatExcel2013SingleSheetMetaDataMatchAllNegative()" classname="org.zuinnote.hadoop.office.format.mapreduce.OfficeFormatHadoopExcelTest" time="0.041">
<system-out><![CDATA[
unique-id: [engine:junit-jupiter]/[class:org.zuinnote.hadoop.office.format.mapreduce.OfficeFormatHadoopExcelTest]/[method:writeExcelOutputFormatExcel2013SingleSheetMetaDataMatchAllNegative()]
display-name: writeExcelOutputFormatExcel2013SingleSheetMetaDataMatchAllNegative()
]]></system-out>
</testcase>
<testcase name="writeExcelOutputFormatExcel2013SingleSheetEncryptedKeyStorePositive()" classname="org.zuinnote.hadoop.office.format.mapreduce.OfficeFormatHadoopExcelTest" time="0.247">
<system-out><![CDATA[
unique-id: [engine:junit-jupiter]/[class:org.zuinnote.hadoop.office.format.mapreduce.OfficeFormatHadoopExcelTest]/[method:writeExcelOutputFormatExcel2013SingleSheetEncryptedKeyStorePositive()]
display-name: writeExcelOutputFormatExcel2013SingleSheetEncryptedKeyStorePositive()
]]></system-out>
</testcase>
<testcase name="writeExcelOutputFormatExcel2013SingleSheetComment()" classname="org.zuinnote.hadoop.office.format.mapreduce.OfficeFormatHadoopExcelTest" time="0.069">
<system-out><![CDATA[
unique-id: [engine:junit-jupiter]/[class:org.zuinnote.hadoop.office.format.mapreduce.OfficeFormatHadoopExcelTest]/[method:writeExcelOutputFormatExcel2013SingleSheetComment()]
display-name: writeExcelOutputFormatExcel2013SingleSheetComment()
]]></system-out>
</testcase>
<testcase name="readExcelInputFormatExcel2003MultiSheetAllLowFootPrint()" classname="org.zuinnote.hadoop.office.format.mapreduce.OfficeFormatHadoopExcelTest" time="0.021">
<system-out><![CDATA[
unique-id: [engine:junit-jupiter]/[class:org.zuinnote.hadoop.office.format.mapreduce.OfficeFormatHadoopExcelTest]/[method:readExcelInputFormatExcel2003MultiSheetAllLowFootPrint()]
display-name: readExcelInputFormatExcel2003MultiSheetAllLowFootPrint()
]]></system-out>
</testcase>
<testcase name="readExcelInputFormatExcel2003SingleSheet()" classname="org.zuinnote.hadoop.office.format.mapreduce.OfficeFormatHadoopExcelTest" time="0.015">
<system-out><![CDATA[
unique-id: [engine:junit-jupiter]/[class:org.zuinnote.hadoop.office.format.mapreduce.OfficeFormatHadoopExcelTest]/[method:readExcelInputFormatExcel2003SingleSheet()]
display-name: readExcelInputFormatExcel2003SingleSheet()
]]></system-out>
</testcase>
<testcase name="checkTestExcel2003MainWorkbook()" classname="org.zuinnote.hadoop.office.format.mapreduce.OfficeFormatHadoopExcelTest" time="0.001">
<system-out><![CDATA[
unique-id: [engine:junit-jupiter]/[class:org.zuinnote.hadoop.office.format.mapreduce.OfficeFormatHadoopExcelTest]/[method:checkTestExcel2003MainWorkbook()]
display-name: checkTestExcel2003MainWorkbook()
]]></system-out>
</testcase>
<testcase name="checkTestExcel2013MultiSheetGzipAvailable()" classname="org.zuinnote.hadoop.office.format.mapreduce.OfficeFormatHadoopExcelTest" time="0">
<system-out><![CDATA[
unique-id: [engine:junit-jupiter]/[class:org.zuinnote.hadoop.office.format.mapreduce.OfficeFormatHadoopExcelTest]/[method:checkTestExcel2013MultiSheetGzipAvailable()]
display-name: checkTestExcel2013MultiSheetGzipAvailable()
]]></system-out>
</testcase>
<testcase name="readExcelInputFormatExcel2013LinkedWorkbook()" classname="org.zuinnote.hadoop.office.format.mapreduce.OfficeFormatHadoopExcelTest" time="0.032">
<system-out><![CDATA[
unique-id: [engine:junit-jupiter]/[class:org.zuinnote.hadoop.office.format.mapreduce.OfficeFormatHadoopExcelTest]/[method:readExcelInputFormatExcel2013LinkedWorkbook()]
display-name: readExcelInputFormatExcel2013LinkedWorkbook()
]]></system-out>
</testcase>
<testcase name="readExcelInputFormatExcel2003SingleSheetEncryptedNegativeLowFootprint()" classname="org.zuinnote.hadoop.office.format.mapreduce.OfficeFormatHadoopExcelTest" time="0.005">
<system-out><![CDATA[
unique-id: [engine:junit-jupiter]/[class:org.zuinnote.hadoop.office.format.mapreduce.OfficeFormatHadoopExcelTest]/[method:readExcelInputFormatExcel2003SingleSheetEncryptedNegativeLowFootprint()]
display-name: readExcelInputFormatExcel2003SingleSheetEncryptedNegativeLowFootprint()
]]></system-out>
</testcase>
<testcase name="readExcelInputFormatExcel2013SingleSheetEncryptedNegativeLowFootprint()" classname="org.zuinnote.hadoop.office.format.mapreduce.OfficeFormatHadoopExcelTest" time="0.024">
<system-out><![CDATA[
unique-id: [engine:junit-jupiter]/[class:org.zuinnote.hadoop.office.format.mapreduce.OfficeFormatHadoopExcelTest]/[method:readExcelInputFormatExcel2013SingleSheetEncryptedNegativeLowFootprint()]
display-name: readExcelInputFormatExcel2013SingleSheetEncryptedNegativeLowFootprint()
]]></system-out>
</testcase>
<testcase name="readExcelInputFormatExcel2013SingleSheetEncryptedKeyStoreAliasPositive()" classname="org.zuinnote.hadoop.office.format.mapreduce.OfficeFormatHadoopExcelTest" time="0.053">
<system-out><![CDATA[
unique-id: [engine:junit-jupiter]/[class:org.zuinnote.hadoop.office.format.mapreduce.OfficeFormatHadoopExcelTest]/[method:readExcelInputFormatExcel2013SingleSheetEncryptedKeyStoreAliasPositive()]
display-name: readExcelInputFormatExcel2013SingleSheetEncryptedKeyStoreAliasPositive()
]]></system-out>
</testcase>
<testcase name="readExcelInputFormatExcel2003LinkedWorkbook()" classname="org.zuinnote.hadoop.office.format.mapreduce.OfficeFormatHadoopExcelTest" time="0.018">
<system-out><![CDATA[
unique-id: [engine:junit-jupiter]/[class:org.zuinnote.hadoop.office.format.mapreduce.OfficeFormatHadoopExcelTest]/[method:readExcelInputFormatExcel2003LinkedWorkbook()]
display-name: readExcelInputFormatExcel2003LinkedWorkbook()
]]></system-out>
</testcase>
<testcase name="writeExcelOutputFormatExcel2003SingleSheetMetaDataMatchOncePositive()" classname="org.zuinnote.hadoop.office.format.mapreduce.OfficeFormatHadoopExcelTest" time="0.077">
<system-out><![CDATA[
unique-id: [engine:junit-jupiter]/[class:org.zuinnote.hadoop.office.format.mapreduce.OfficeFormatHadoopExcelTest]/[method:writeExcelOutputFormatExcel2003SingleSheetMetaDataMatchOncePositive()]
display-name: writeExcelOutputFormatExcel2003SingleSheetMetaDataMatchOncePositive()
]]></system-out>
</testcase>
<testcase name="writeExcelOutputFormatExcel2013SingleSheetLowFootprintSignedNegativeReadLowFootprint()" classname="org.zuinnote.hadoop.office.format.mapreduce.OfficeFormatHadoopExcelTest" time="0.062">
<system-out><![CDATA[
unique-id: [engine:junit-jupiter]/[class:org.zuinnote.hadoop.office.format.mapreduce.OfficeFormatHadoopExcelTest]/[method:writeExcelOutputFormatExcel2013SingleSheetLowFootprintSignedNegativeReadLowFootprint()]
display-name: writeExcelOutputFormatExcel2013SingleSheetLowFootprintSignedNegativeReadLowFootprint()
]]></system-out>
</testcase>
<testcase name="checkTestExcel2003EmptySheetAvailable()" classname="org.zuinnote.hadoop.office.format.mapreduce.OfficeFormatHadoopExcelTest" time="0">
<system-out><![CDATA[
unique-id: [engine:junit-jupiter]/[class:org.zuinnote.hadoop.office.format.mapreduce.OfficeFormatHadoopExcelTest]/[method:checkTestExcel2003EmptySheetAvailable()]
display-name: checkTestExcel2003EmptySheetAvailable()
]]></system-out>
</testcase>
<testcase name="writeExcelOutputFormatExcel2013SingleSheetGZipCompressed()" classname="org.zuinnote.hadoop.office.format.mapreduce.OfficeFormatHadoopExcelTest" time="0.075">
<system-out><![CDATA[
unique-id: [engine:junit-jupiter]/[class:org.zuinnote.hadoop.office.format.mapreduce.OfficeFormatHadoopExcelTest]/[method:writeExcelOutputFormatExcel2013SingleSheetGZipCompressed()]
display-name: writeExcelOutputFormatExcel2013SingleSheetGZipCompressed()
]]></system-out>
</testcase>
<testcase name="writeExcelOutputFormatExcel2003SingleSheetMetaDataMatchOnceNegative()" classname="org.zuinnote.hadoop.office.format.mapreduce.OfficeFormatHadoopExcelTest" time="0.039">
<system-out><![CDATA[
unique-id: [engine:junit-jupiter]/[class:org.zuinnote.hadoop.office.format.mapreduce.OfficeFormatHadoopExcelTest]/[method:writeExcelOutputFormatExcel2003SingleSheetMetaDataMatchOnceNegative()]
display-name: writeExcelOutputFormatExcel2003SingleSheetMetaDataMatchOnceNegative()
]]></system-out>
</testcase>
<testcase name="readExcelInputFormatExcel2013MultiSheetAllLowFootPrint()" classname="org.zuinnote.hadoop.office.format.mapreduce.OfficeFormatHadoopExcelTest" time="0.027">
<system-out><![CDATA[
unique-id: [engine:junit-jupiter]/[class:org.zuinnote.hadoop.office.format.mapreduce.OfficeFormatHadoopExcelTest]/[method:readExcelInputFormatExcel2013MultiSheetAllLowFootPrint()]
display-name: readExcelInputFormatExcel2013MultiSheetAllLowFootPrint()
]]></system-out>
</testcase>
<testcase name="checkTestExcel2013EmptySheetAvailable()" classname="org.zuinnote.hadoop.office.format.mapreduce.OfficeFormatHadoopExcelTest" time="0">
<system-out><![CDATA[
unique-id: [engine:junit-jupiter]/[class:org.zuinnote.hadoop.office.format.mapreduce.OfficeFormatHadoopExcelTest]/[method:checkTestExcel2013EmptySheetAvailable()]
display-name: checkTestExcel2013EmptySheetAvailable()
]]></system-out>
</testcase>
<testcase name="writeExcelOutputFormatExcel2003SingleSheetEncryptedPositiveLowFootprint()" classname="org.zuinnote.hadoop.office.format.mapreduce.OfficeFormatHadoopExcelTest" time="0.065">
<system-out><![CDATA[
unique-id: [engine:junit-jupiter]/[class:org.zuinnote.hadoop.office.format.mapreduce.OfficeFormatHadoopExcelTest]/[method:writeExcelOutputFormatExcel2003SingleSheetEncryptedPositiveLowFootprint()]
display-name: writeExcelOutputFormatExcel2003SingleSheetEncryptedPositiveLowFootprint()
]]></system-out>
</testcase>
<testcase name="readExcelInputFormatExcel2013MultiSheetSelectedSheet()" classname="org.zuinnote.hadoop.office.format.mapreduce.OfficeFormatHadoopExcelTest" time="0.016">
<system-out><![CDATA[
unique-id: [engine:junit-jupiter]/[class:org.zuinnote.hadoop.office.format.mapreduce.OfficeFormatHadoopExcelTest]/[method:readExcelInputFormatExcel2013MultiSheetSelectedSheet()]
display-name: readExcelInputFormatExcel2013MultiSheetSelectedSheet()
]]></system-out>
</testcase>
<testcase name="checkTestExcel2013LinkedWorkbook1()" classname="org.zuinnote.hadoop.office.format.mapreduce.OfficeFormatHadoopExcelTest" time="0.001">
<system-out><![CDATA[
unique-id: [engine:junit-jupiter]/[class:org.zuinnote.hadoop.office.format.mapreduce.OfficeFormatHadoopExcelTest]/[method:checkTestExcel2013LinkedWorkbook1()]
display-name: checkTestExcel2013LinkedWorkbook1()
]]></system-out>
</testcase>
<testcase name="checkTestExcel2013LinkedWorkbook2()" classname="org.zuinnote.hadoop.office.format.mapreduce.OfficeFormatHadoopExcelTest" time="0">
<system-out><![CDATA[
unique-id: [engine:junit-jupiter]/[class:org.zuinnote.hadoop.office.format.mapreduce.OfficeFormatHadoopExcelTest]/[method:checkTestExcel2013LinkedWorkbook2()]
display-name: checkTestExcel2013LinkedWorkbook2()
]]></system-out>
</testcase>
<testcase name="writeExcelOutputFormatExcel2013SingleSheetEncryptedPositiveLowFootprint()" classname="org.zuinnote.hadoop.office.format.mapreduce.OfficeFormatHadoopExcelTest" time="0.264">
<system-out><![CDATA[
unique-id: [engine:junit-jupiter]/[class:org.zuinnote.hadoop.office.format.mapreduce.OfficeFormatHadoopExcelTest]/[method:writeExcelOutputFormatExcel2013SingleSheetEncryptedPositiveLowFootprint()]
display-name: writeExcelOutputFormatExcel2013SingleSheetEncryptedPositiveLowFootprint()
]]></system-out>
</testcase>
<testcase name="readExcelInputFormatBzip2CompressedExcel2013MultiSheetAll()" classname="org.zuinnote.hadoop.office.format.mapreduce.OfficeFormatHadoopExcelTest" time="0.031">
<system-out><![CDATA[
unique-id: [engine:junit-jupiter]/[class:org.zuinnote.hadoop.office.format.mapreduce.OfficeFormatHadoopExcelTest]/[method:readExcelInputFormatBzip2CompressedExcel2013MultiSheetAll()]
display-name: readExcelInputFormatBzip2CompressedExcel2013MultiSheetAll()
]]></system-out>
</testcase>
<testcase name="readExcelInputFormatExcel2003EmptyRowsLowFootprint()" classname="org.zuinnote.hadoop.office.format.mapreduce.OfficeFormatHadoopExcelTest" time="0.01">
<system-out><![CDATA[
unique-id: [engine:junit-jupiter]/[class:org.zuinnote.hadoop.office.format.mapreduce.OfficeFormatHadoopExcelTest]/[method:readExcelInputFormatExcel2003EmptyRowsLowFootprint()]
display-name: readExcelInputFormatExcel2003EmptyRowsLowFootprint()
]]></system-out>
</testcase>
<testcase name="checkTestExcel2013TemplateAvailable()" classname="org.zuinnote.hadoop.office.format.mapreduce.OfficeFormatHadoopExcelTest" time="0.001">
<system-out><![CDATA[
unique-id: [engine:junit-jupiter]/[class:org.zuinnote.hadoop.office.format.mapreduce.OfficeFormatHadoopExcelTest]/[method:checkTestExcel2013TemplateAvailable()]
display-name: checkTestExcel2013TemplateAvailable()
]]></system-out>
</testcase>
<testcase name="readExcelInputFormatExcel2013SingleSheetLowFootPrint()" classname="org.zuinnote.hadoop.office.format.mapreduce.OfficeFormatHadoopExcelTest" time="0.017">
<system-out><![CDATA[
unique-id: [engine:junit-jupiter]/[class:org.zuinnote.hadoop.office.format.mapreduce.OfficeFormatHadoopExcelTest]/[method:readExcelInputFormatExcel2013SingleSheetLowFootPrint()]
display-name: readExcelInputFormatExcel2013SingleSheetLowFootPrint()
]]></system-out>
</testcase>
<testcase name="checkTestExcel2003SingleSheetAvailable()" classname="org.zuinnote.hadoop.office.format.mapreduce.OfficeFormatHadoopExcelTest" time="0.001">
<system-out><![CDATA[
unique-id: [engine:junit-jupiter]/[class:org.zuinnote.hadoop.office.format.mapreduce.OfficeFormatHadoopExcelTest]/[method:checkTestExcel2003SingleSheetAvailable()]
display-name: checkTestExcel2003SingleSheetAvailable()
]]></system-out>
</testcase>
<testcase name="readExcelInputFormatGzipCompressedExcel2013MultiSheetAll()" classname="org.zuinnote.hadoop.office.format.mapreduce.OfficeFormatHadoopExcelTest" time="0.03">
<system-out><![CDATA[
unique-id: [engine:junit-jupiter]/[class:org.zuinnote.hadoop.office.format.mapreduce.OfficeFormatHadoopExcelTest]/[method:readExcelInputFormatGzipCompressedExcel2013MultiSheetAll()]
display-name: readExcelInputFormatGzipCompressedExcel2013MultiSheetAll()
]]></system-out>
</testcase>
<testcase name="checkTestExcel2013EmptyRows()" classname="org.zuinnote.hadoop.office.format.mapreduce.OfficeFormatHadoopExcelTest" time="0.001">
<system-out><![CDATA[
unique-id: [engine:junit-jupiter]/[class:org.zuinnote.hadoop.office.format.mapreduce.OfficeFormatHadoopExcelTest]/[method:checkTestExcel2013EmptyRows()]
display-name: checkTestExcel2013EmptyRows()
]]></system-out>
</testcase>
<testcase name="writeExcelOutputFormatExcel2003SingleSheetOneLinkedWorkbook()" classname="org.zuinnote.hadoop.office.format.mapreduce.OfficeFormatHadoopExcelTest" time="0.124">
<system-out><![CDATA[
unique-id: [engine:junit-jupiter]/[class:org.zuinnote.hadoop.office.format.mapreduce.OfficeFormatHadoopExcelTest]/[method:writeExcelOutputFormatExcel2003SingleSheetOneLinkedWorkbook()]
display-name: writeExcelOutputFormatExcel2003SingleSheetOneLinkedWorkbook()
]]></system-out>
</testcase>
<testcase name="writeExcelOutputFormatExcel2013SingleSheetOneLinkedWorkbook()" classname="org.zuinnote.hadoop.office.format.mapreduce.OfficeFormatHadoopExcelTest" time="0">
<skipped><![CDATA[This does not work yet due to a bug in Apache POI that prevents writing correct workbooks containing external references: https://bz.apache.org/bugzilla/show_bug.cgi?id=57184]]></skipped>
<system-out><![CDATA[
unique-id: [engine:junit-jupiter]/[class:org.zuinnote.hadoop.office.format.mapreduce.OfficeFormatHadoopExcelTest]/[method:writeExcelOutputFormatExcel2013SingleSheetOneLinkedWorkbook()]
display-name: writeExcelOutputFormatExcel2013SingleSheetOneLinkedWorkbook()
]]></system-out>
</testcase>
<testcase name="writeExcelOutputFormatExcel2013TemplateEncryptedSingleSheetPositive()" classname="org.zuinnote.hadoop.office.format.mapreduce.OfficeFormatHadoopExcelTest" time="0.168">
<system-out><![CDATA[
unique-id: [engine:junit-jupiter]/[class:org.zuinnote.hadoop.office.format.mapreduce.OfficeFormatHadoopExcelTest]/[method:writeExcelOutputFormatExcel2013TemplateEncryptedSingleSheetPositive()]
display-name: writeExcelOutputFormatExcel2013TemplateEncryptedSingleSheetPositive()
]]></system-out>
</testcase>
<testcase name="writeExcelOutputFormatExcel2013SingleSheetEncryptedPositiveLowFootprintSignedPositive()" classname="org.zuinnote.hadoop.office.format.mapreduce.OfficeFormatHadoopExcelTest" time="0.438">
<system-out><![CDATA[
unique-id: [engine:junit-jupiter]/[class:org.zuinnote.hadoop.office.format.mapreduce.OfficeFormatHadoopExcelTest]/[method:writeExcelOutputFormatExcel2013SingleSheetEncryptedPositiveLowFootprintSignedPositive()]
display-name: writeExcelOutputFormatExcel2013SingleSheetEncryptedPositiveLowFootprintSignedPositive()
]]></system-out>
</testcase>
<testcase name="readExcelInputFormatExcel2003SingleSheetEncryptedPositive()" classname="org.zuinnote.hadoop.office.format.mapreduce.OfficeFormatHadoopExcelTest" time="0.006">
<system-out><![CDATA[
unique-id: [engine:junit-jupiter]/[class:org.zuinnote.hadoop.office.format.mapreduce.OfficeFormatHadoopExcelTest]/[method:readExcelInputFormatExcel2003SingleSheetEncryptedPositive()]
display-name: readExcelInputFormatExcel2003SingleSheetEncryptedPositive()
]]></system-out>
</testcase>
<testcase name="readExcelInputFormatExcel2013SingleSheetEncryptedPositive()" classname="org.zuinnote.hadoop.office.format.mapreduce.OfficeFormatHadoopExcelTest" time="0.031">
<system-out><![CDATA[
unique-id: [engine:junit-jupiter]/[class:org.zuinnote.hadoop.office.format.mapreduce.OfficeFormatHadoopExcelTest]/[method:readExcelInputFormatExcel2013SingleSheetEncryptedPositive()]
display-name: readExcelInputFormatExcel2013SingleSheetEncryptedPositive()
]]></system-out>
</testcase>
<testcase name="writeExcelOutputFormatExcel2003SingleSheetEncryptedPositive()" classname="org.zuinnote.hadoop.office.format.mapreduce.OfficeFormatHadoopExcelTest" time="0.031">
<system-out><![CDATA[
unique-id: [engine:junit-jupiter]/[class:org.zuinnote.hadoop.office.format.mapreduce.OfficeFormatHadoopExcelTest]/[method:writeExcelOutputFormatExcel2003SingleSheetEncryptedPositive()]
display-name: writeExcelOutputFormatExcel2003SingleSheetEncryptedPositive()
]]></system-out>
</testcase>
<testcase name="writeExcelOutputFormatExcel2013SingleSheetEncryptedPositive()" classname="org.zuinnote.hadoop.office.format.mapreduce.OfficeFormatHadoopExcelTest" time="0.222">
<system-out><![CDATA[
unique-id: [engine:junit-jupiter]/[class:org.zuinnote.hadoop.office.format.mapreduce.OfficeFormatHadoopExcelTest]/[method:writeExcelOutputFormatExcel2013SingleSheetEncryptedPositive()]
display-name: writeExcelOutputFormatExcel2013SingleSheetEncryptedPositive()
]]></system-out>
</testcase>
<testcase name="readExcelInputFormatExcel2013SingleSheetEncryptedKeyStorePositive()" classname="org.zuinnote.hadoop.office.format.mapreduce.OfficeFormatHadoopExcelTest" time="0.035">
<system-out><![CDATA[
unique-id: [engine:junit-jupiter]/[class:org.zuinnote.hadoop.office.format.mapreduce.OfficeFormatHadoopExcelTest]/[method:readExcelInputFormatExcel2013SingleSheetEncryptedKeyStorePositive()]
display-name: readExcelInputFormatExcel2013SingleSheetEncryptedKeyStorePositive()
]]></system-out>
</testcase>
<testcase name="writeExcelOutputFormatExcel2013TemplateEncryptedSingleSheetNegative()" classname="org.zuinnote.hadoop.office.format.mapreduce.OfficeFormatHadoopExcelTest" time="0.204">
<system-out><![CDATA[
unique-id: [engine:junit-jupiter]/[class:org.zuinnote.hadoop.office.format.mapreduce.OfficeFormatHadoopExcelTest]/[method:writeExcelOutputFormatExcel2013TemplateEncryptedSingleSheetNegative()]
display-name: writeExcelOutputFormatExcel2013TemplateEncryptedSingleSheetNegative()
]]></system-out>
</testcase>
<testcase name="writeExcelOutputFormatExcel2013TemplateSingleSheet()" classname="org.zuinnote.hadoop.office.format.mapreduce.OfficeFormatHadoopExcelTest" time="0.067">
<system-out><![CDATA[
unique-id: [engine:junit-jupiter]/[class:org.zuinnote.hadoop.office.format.mapreduce.OfficeFormatHadoopExcelTest]/[method:writeExcelOutputFormatExcel2013TemplateSingleSheet()]
display-name: writeExcelOutputFormatExcel2013TemplateSingleSheet()
]]></system-out>
</testcase>
<testcase name="readExcelInputFormatExcel2013MultiSheetAll()" classname="org.zuinnote.hadoop.office.format.mapreduce.OfficeFormatHadoopExcelTest" time="0.012">
<system-out><![CDATA[
unique-id: [engine:junit-jupiter]/[class:org.zuinnote.hadoop.office.format.mapreduce.OfficeFormatHadoopExcelTest]/[method:readExcelInputFormatExcel2013MultiSheetAll()]
display-name: readExcelInputFormatExcel2013MultiSheetAll()
]]></system-out>
</testcase>
<testcase name="writeExcelOutputFormatExcel2013SingleSheetEncryptedPositiveLowFootprintSignedNegative()" classname="org.zuinnote.hadoop.office.format.mapreduce.OfficeFormatHadoopExcelTest" time="0.233">
<system-out><![CDATA[
unique-id: [engine:junit-jupiter]/[class:org.zuinnote.hadoop.office.format.mapreduce.OfficeFormatHadoopExcelTest]/[method:writeExcelOutputFormatExcel2013SingleSheetEncryptedPositiveLowFootprintSignedNegative()]
display-name: writeExcelOutputFormatExcel2013SingleSheetEncryptedPositiveLowFootprintSignedNegative()
]]></system-out>
</testcase>
<testcase name="checkTestExcel2013CommentAvailable()" classname="org.zuinnote.hadoop.office.format.mapreduce.OfficeFormatHadoopExcelTest" time="0">
<system-out><![CDATA[
unique-id: [engine:junit-jupiter]/[class:org.zuinnote.hadoop.office.format.mapreduce.OfficeFormatHadoopExcelTest]/[method:checkTestExcel2013CommentAvailable()]
display-name: checkTestExcel2013CommentAvailable()
]]></system-out>
</testcase>
<testcase name="readExcelInputFormatExcel2003SingleSheetEncryptedNegative()" classname="org.zuinnote.hadoop.office.format.mapreduce.OfficeFormatHadoopExcelTest" time="0.006">
<system-out><![CDATA[
unique-id: [engine:junit-jupiter]/[class:org.zuinnote.hadoop.office.format.mapreduce.OfficeFormatHadoopExcelTest]/[method:readExcelInputFormatExcel2003SingleSheetEncryptedNegative()]
display-name: readExcelInputFormatExcel2003SingleSheetEncryptedNegative()
]]></system-out>
</testcase>
<testcase name="readExcelInputFormatExcel2013SingleSheetEncryptedNegative()" classname="org.zuinnote.hadoop.office.format.mapreduce.OfficeFormatHadoopExcelTest" time="0.043">
<system-out><![CDATA[
unique-id: [engine:junit-jupiter]/[class:org.zuinnote.hadoop.office.format.mapreduce.OfficeFormatHadoopExcelTest]/[method:readExcelInputFormatExcel2013SingleSheetEncryptedNegative()]
display-name: readExcelInputFormatExcel2013SingleSheetEncryptedNegative()
]]></system-out>
</testcase>
<testcase name="readExcelInputFormatExcel2003Empty()" classname="org.zuinnote.hadoop.office.format.mapreduce.OfficeFormatHadoopExcelTest" time="0.008">
<system-out><![CDATA[
unique-id: [engine:junit-jupiter]/[class:org.zuinnote.hadoop.office.format.mapreduce.OfficeFormatHadoopExcelTest]/[method:readExcelInputFormatExcel2003Empty()]
display-name: readExcelInputFormatExcel2003Empty()
]]></system-out>
</testcase>
<testcase name="writeExcelOutputFormatExcel2003SingleSheetEncryptedNegative()" classname="org.zuinnote.hadoop.office.format.mapreduce.OfficeFormatHadoopExcelTest" time="0.026">
<system-out><![CDATA[
unique-id: [engine:junit-jupiter]/[class:org.zuinnote.hadoop.office.format.mapreduce.OfficeFormatHadoopExcelTest]/[method:writeExcelOutputFormatExcel2003SingleSheetEncryptedNegative()]
display-name: writeExcelOutputFormatExcel2003SingleSheetEncryptedNegative()
]]></system-out>
</testcase>
<testcase name="writeExcelOutputFormatExcel2013SingleSheetEncryptedNegative()" classname="org.zuinnote.hadoop.office.format.mapreduce.OfficeFormatHadoopExcelTest" time="0.32">
<system-out><![CDATA[
unique-id: [engine:junit-jupiter]/[class:org.zuinnote.hadoop.office.format.mapreduce.OfficeFormatHadoopExcelTest]/[method:writeExcelOutputFormatExcel2013SingleSheetEncryptedNegative()]
display-name: writeExcelOutputFormatExcel2013SingleSheetEncryptedNegative()
]]></system-out>
</testcase>
<testcase name="checkTestExcel2013LinkedWorkbooksLink2Available()" classname="org.zuinnote.hadoop.office.format.mapreduce.OfficeFormatHadoopExcelTest" time="0">
<system-out><![CDATA[
unique-id: [engine:junit-jupiter]/[class:org.zuinnote.hadoop.office.format.mapreduce.OfficeFormatHadoopExcelTest]/[method:checkTestExcel2013LinkedWorkbooksLink2Available()]
display-name: checkTestExcel2013LinkedWorkbooksLink2Available()
]]></system-out>
</testcase>
<testcase name="writeExcelOutputFormatExcel2013SingleSheetMetaDataMatchOncePositive()" classname="org.zuinnote.hadoop.office.format.mapreduce.OfficeFormatHadoopExcelTest" time="0.031">
<system-out><![CDATA[
unique-id: [engine:junit-jupiter]/[class:org.zuinnote.hadoop.office.format.mapreduce.OfficeFormatHadoopExcelTest]/[method:writeExcelOutputFormatExcel2013SingleSheetMetaDataMatchOncePositive()]
display-name: writeExcelOutputFormatExcel2013SingleSheetMetaDataMatchOncePositive()
]]></system-out>
</testcase>
<testcase name="checkTestExcel2013TemplateEncryptedAvailable()" classname="org.zuinnote.hadoop.office.format.mapreduce.OfficeFormatHadoopExcelTest" time="0">
<system-out><![CDATA[
unique-id: [engine:junit-jupiter]/[class:org.zuinnote.hadoop.office.format.mapreduce.OfficeFormatHadoopExcelTest]/[method:checkTestExcel2013TemplateEncryptedAvailable()]
display-name: checkTestExcel2013TemplateEncryptedAvailable()
]]></system-out>
</testcase>
<testcase name="readExcelInputFormatExcel2013EmptyRowsLowFootprint()" classname="org.zuinnote.hadoop.office.format.mapreduce.OfficeFormatHadoopExcelTest" time="0.006">
<system-out><![CDATA[
unique-id: [engine:junit-jupiter]/[class:org.zuinnote.hadoop.office.format.mapreduce.OfficeFormatHadoopExcelTest]/[method:readExcelInputFormatExcel2013EmptyRowsLowFootprint()]
display-name: readExcelInputFormatExcel2013EmptyRowsLowFootprint()
]]></system-out>
</testcase>
<testcase name="writeExcelOutputFormatExcel2013SingleSheetLowFootprint()" classname="org.zuinnote.hadoop.office.format.mapreduce.OfficeFormatHadoopExcelTest" time="0.049">
<system-out><![CDATA[
unique-id: [engine:junit-jupiter]/[class:org.zuinnote.hadoop.office.format.mapreduce.OfficeFormatHadoopExcelTest]/[method:writeExcelOutputFormatExcel2013SingleSheetLowFootprint()]
display-name: writeExcelOutputFormatExcel2013SingleSheetLowFootprint()
]]></system-out>
</testcase>
<testcase name="writeExcelOutputFormatExcel2013SingleSheetMetaDataMatchOnceNegative()" classname="org.zuinnote.hadoop.office.format.mapreduce.OfficeFormatHadoopExcelTest" time="0.042">
<system-out><![CDATA[
unique-id: [engine:junit-jupiter]/[class:org.zuinnote.hadoop.office.format.mapreduce.OfficeFormatHadoopExcelTest]/[method:writeExcelOutputFormatExcel2013SingleSheetMetaDataMatchOnceNegative()]
display-name: writeExcelOutputFormatExcel2013SingleSheetMetaDataMatchOnceNegative()
]]></system-out>
</testcase>
<testcase name="checkTestExcel2013LinkedWorkbooksLink1Available()" classname="org.zuinnote.hadoop.office.format.mapreduce.OfficeFormatHadoopExcelTest" time="0">
<system-out><![CDATA[
unique-id: [engine:junit-jupiter]/[class:org.zuinnote.hadoop.office.format.mapreduce.OfficeFormatHadoopExcelTest]/[method:checkTestExcel2013LinkedWorkbooksLink1Available()]
display-name: checkTestExcel2013LinkedWorkbooksLink1Available()
]]></system-out>
</testcase>
<testcase name="writeExcelOutputFormatExcel2013SingleSheetSignedPositive()" classname="org.zuinnote.hadoop.office.format.mapreduce.OfficeFormatHadoopExcelTest" time="0.103">
<system-out><![CDATA[
unique-id: [engine:junit-jupiter]/[class:org.zuinnote.hadoop.office.format.mapreduce.OfficeFormatHadoopExcelTest]/[method:writeExcelOutputFormatExcel2013SingleSheetSignedPositive()]
display-name: writeExcelOutputFormatExcel2013SingleSheetSignedPositive()
]]></system-out>
</testcase>
<testcase name="writeExcelOutputFormatExcel2013SingleSheet()" classname="org.zuinnote.hadoop.office.format.mapreduce.OfficeFormatHadoopExcelTest" time="0.032">
<system-out><![CDATA[
unique-id: [engine:junit-jupiter]/[class:org.zuinnote.hadoop.office.format.mapreduce.OfficeFormatHadoopExcelTest]/[method:writeExcelOutputFormatExcel2013SingleSheet()]
display-name: writeExcelOutputFormatExcel2013SingleSheet()
]]></system-out>
</testcase>
<testcase name="writeExcelOutputFormatExcel2013SingleSheetEncryptedKeyStoreAliasPositive()" classname="org.zuinnote.hadoop.office.format.mapreduce.OfficeFormatHadoopExcelTest" time="0.229">
<system-out><![CDATA[
unique-id: [engine:junit-jupiter]/[class:org.zuinnote.hadoop.office.format.mapreduce.OfficeFormatHadoopExcelTest]/[method:writeExcelOutputFormatExcel2013SingleSheetEncryptedKeyStoreAliasPositive()]
display-name: writeExcelOutputFormatExcel2013SingleSheetEncryptedKeyStoreAliasPositive()
]]></system-out>
</testcase>
<testcase name="readExcelInputFormatExcel2013Comment()" classname="org.zuinnote.hadoop.office.format.mapreduce.OfficeFormatHadoopExcelTest" time="0.023">
<system-out><![CDATA[
unique-id: [engine:junit-jupiter]/[class:org.zuinnote.hadoop.office.format.mapreduce.OfficeFormatHadoopExcelTest]/[method:readExcelInputFormatExcel2013Comment()]
display-name: readExcelInputFormatExcel2013Comment()
]]></system-out>
</testcase>
<testcase name="writeExcelOutputFormatExcel2013SingleSheetSignedNegative()" classname="org.zuinnote.hadoop.office.format.mapreduce.OfficeFormatHadoopExcelTest" time="0.037">
<system-out><![CDATA[
unique-id: [engine:junit-jupiter]/[class:org.zuinnote.hadoop.office.format.mapreduce.OfficeFormatHadoopExcelTest]/[method:writeExcelOutputFormatExcel2013SingleSheetSignedNegative()]
display-name: writeExcelOutputFormatExcel2013SingleSheetSignedNegative()
]]></system-out>
</testcase>
<testcase name="readExcelInputFormatExcel2003SingleSheetEncryptedPositiveLowFootprint()" classname="org.zuinnote.hadoop.office.format.mapreduce.OfficeFormatHadoopExcelTest" time="0.003">
<system-out><![CDATA[
unique-id: [engine:junit-jupiter]/[class:org.zuinnote.hadoop.office.format.mapreduce.OfficeFormatHadoopExcelTest]/[method:readExcelInputFormatExcel2003SingleSheetEncryptedPositiveLowFootprint()]
display-name: readExcelInputFormatExcel2003SingleSheetEncryptedPositiveLowFootprint()
]]></system-out>
</testcase>
<testcase name="writeExcelOutputFormatExcel2013SingleSheetEncryptedNegativeLowFootprint()" classname="org.zuinnote.hadoop.office.format.mapreduce.OfficeFormatHadoopExcelTest" time="0.289">
<system-out><![CDATA[
unique-id: [engine:junit-jupiter]/[class:org.zuinnote.hadoop.office.format.mapreduce.OfficeFormatHadoopExcelTest]/[method:writeExcelOutputFormatExcel2013SingleSheetEncryptedNegativeLowFootprint()]
display-name: writeExcelOutputFormatExcel2013SingleSheetEncryptedNegativeLowFootprint()
]]></system-out>
</testcase>
<testcase name="readExcelInputFormatExcel2013Empty()" classname="org.zuinnote.hadoop.office.format.mapreduce.OfficeFormatHadoopExcelTest" time="0.008">
<system-out><![CDATA[
unique-id: [engine:junit-jupiter]/[class:org.zuinnote.hadoop.office.format.mapreduce.OfficeFormatHadoopExcelTest]/[method:readExcelInputFormatExcel2013Empty()]
display-name: readExcelInputFormatExcel2013Empty()
]]></system-out>
</testcase>
<testcase name="checkTestExcel2013LinkedWorkbooksAvailable()" classname="org.zuinnote.hadoop.office.format.mapreduce.OfficeFormatHadoopExcelTest" time="0">
<system-out><![CDATA[
unique-id: [engine:junit-jupiter]/[class:org.zuinnote.hadoop.office.format.mapreduce.OfficeFormatHadoopExcelTest]/[method:checkTestExcel2013LinkedWorkbooksAvailable()]
display-name: checkTestExcel2013LinkedWorkbooksAvailable()
]]></system-out>
</testcase>
<testcase name="readExcelInputFormatExcel2013SingleSheetEncryptedPositiveLowFootprint()" classname="org.zuinnote.hadoop.office.format.mapreduce.OfficeFormatHadoopExcelTest" time="0.026">
<system-out><![CDATA[
unique-id: [engine:junit-jupiter]/[class:org.zuinnote.hadoop.office.format.mapreduce.OfficeFormatHadoopExcelTest]/[method:readExcelInputFormatExcel2013SingleSheetEncryptedPositiveLowFootprint()]
display-name: readExcelInputFormatExcel2013SingleSheetEncryptedPositiveLowFootprint()
]]></system-out>
</testcase>
<testcase name="writeExcelOutputFormatExcel2013SingleSheetLowFootprintSignedPositiveReadLowFootprint()" classname="org.zuinnote.hadoop.office.format.mapreduce.OfficeFormatHadoopExcelTest" time="0.104">
<system-out><![CDATA[
unique-id: [engine:junit-jupiter]/[class:org.zuinnote.hadoop.office.format.mapreduce.OfficeFormatHadoopExcelTest]/[method:writeExcelOutputFormatExcel2013SingleSheetLowFootprintSignedPositiveReadLowFootprint()]
display-name: writeExcelOutputFormatExcel2013SingleSheetLowFootprintSignedPositiveReadLowFootprint()
]]></system-out>
</testcase>
<testcase name="readExcelInputFormatExcel2003SingleSheetLowFootPrint()" classname="org.zuinnote.hadoop.office.format.mapreduce.OfficeFormatHadoopExcelTest" time="0.007">
<system-out><![CDATA[
unique-id: [engine:junit-jupiter]/[class:org.zuinnote.hadoop.office.format.mapreduce.OfficeFormatHadoopExcelTest]/[method:readExcelInputFormatExcel2003SingleSheetLowFootPrint()]
display-name: readExcelInputFormatExcel2003SingleSheetLowFootPrint()
]]></system-out>
</testcase>
<testcase name="checkTestExcel2003EmptyRows()" classname="org.zuinnote.hadoop.office.format.mapreduce.OfficeFormatHadoopExcelTest" time="0.001">
<system-out><![CDATA[
unique-id: [engine:junit-jupiter]/[class:org.zuinnote.hadoop.office.format.mapreduce.OfficeFormatHadoopExcelTest]/[method:checkTestExcel2003EmptyRows()]
display-name: checkTestExcel2003EmptyRows()
]]></system-out>
</testcase>
<testcase name="checkTestExcel2013MultiSheetBzip2Available()" classname="org.zuinnote.hadoop.office.format.mapreduce.OfficeFormatHadoopExcelTest" time="0">
<system-out><![CDATA[
unique-id: [engine:junit-jupiter]/[class:org.zuinnote.hadoop.office.format.mapreduce.OfficeFormatHadoopExcelTest]/[method:checkTestExcel2013MultiSheetBzip2Available()]
display-name: checkTestExcel2013MultiSheetBzip2Available()
]]></system-out>
</testcase>
<testcase name="writeExcelOutputFormatExcel2013SingleSheetLowFootprintSignedPositive()" classname="org.zuinnote.hadoop.office.format.mapreduce.OfficeFormatHadoopExcelTest" time="0.091">
<system-out><![CDATA[
unique-id: [engine:junit-jupiter]/[class:org.zuinnote.hadoop.office.format.mapreduce.OfficeFormatHadoopExcelTest]/[method:writeExcelOutputFormatExcel2013SingleSheetLowFootprintSignedPositive()]
display-name: writeExcelOutputFormatExcel2013SingleSheetLowFootprintSignedPositive()
]]></system-out>
</testcase>
<testcase name="writeExcelOutputFormatExcel2003SingleSheetMetaDataMatchAllPositive()" classname="org.zuinnote.hadoop.office.format.mapreduce.OfficeFormatHadoopExcelTest" time="0.019">
<system-out><![CDATA[
unique-id: [engine:junit-jupiter]/[class:org.zuinnote.hadoop.office.format.mapreduce.OfficeFormatHadoopExcelTest]/[method:writeExcelOutputFormatExcel2003SingleSheetMetaDataMatchAllPositive()]
display-name: writeExcelOutputFormatExcel2003SingleSheetMetaDataMatchAllPositive()
]]></system-out>
</testcase>
<testcase name="readExcelInputFormatExcel2013EmptyRows()" classname="org.zuinnote.hadoop.office.format.mapreduce.OfficeFormatHadoopExcelTest" time="0.017">
<system-out><![CDATA[
unique-id: [engine:junit-jupiter]/[class:org.zuinnote.hadoop.office.format.mapreduce.OfficeFormatHadoopExcelTest]/[method:readExcelInputFormatExcel2013EmptyRows()]
display-name: readExcelInputFormatExcel2013EmptyRows()
]]></system-out>
</testcase>
<testcase name="writeExcelOutputFormatExcel2013MultiSheet()" classname="org.zuinnote.hadoop.office.format.mapreduce.OfficeFormatHadoopExcelTest" time="0.031">
<system-out><![CDATA[
unique-id: [engine:junit-jupiter]/[class:org.zuinnote.hadoop.office.format.mapreduce.OfficeFormatHadoopExcelTest]/[method:writeExcelOutputFormatExcel2013MultiSheet()]
display-name: writeExcelOutputFormatExcel2013MultiSheet()
]]></system-out>
</testcase>
<testcase name="checkTestExcel2013SingleSheetAvailable()" classname="org.zuinnote.hadoop.office.format.mapreduce.OfficeFormatHadoopExcelTest" time="0">
<system-out><![CDATA[
unique-id: [engine:junit-jupiter]/[class:org.zuinnote.hadoop.office.format.mapreduce.OfficeFormatHadoopExcelTest]/[method:checkTestExcel2013SingleSheetAvailable()]
display-name: checkTestExcel2013SingleSheetAvailable()
]]></system-out>
</testcase>
<testcase name="checkTestExcel2013MainWorkbook()" classname="org.zuinnote.hadoop.office.format.mapreduce.OfficeFormatHadoopExcelTest" time="0">
<system-out><![CDATA[
unique-id: [engine:junit-jupiter]/[class:org.zuinnote.hadoop.office.format.mapreduce.OfficeFormatHadoopExcelTest]/[method:checkTestExcel2013MainWorkbook()]
display-name: checkTestExcel2013MainWorkbook()
]]></system-out>
</testcase>
<testcase name="writeExcelOutputFormatExcel2003SingleSheetTwoLinkedWorkbooks()" classname="org.zuinnote.hadoop.office.format.mapreduce.OfficeFormatHadoopExcelTest" time="0.066">
<system-out><![CDATA[
unique-id: [engine:junit-jupiter]/[class:org.zuinnote.hadoop.office.format.mapreduce.OfficeFormatHadoopExcelTest]/[method:writeExcelOutputFormatExcel2003SingleSheetTwoLinkedWorkbooks()]
display-name: writeExcelOutputFormatExcel2003SingleSheetTwoLinkedWorkbooks()
]]></system-out>
</testcase>
<testcase name="writeExcelOutputFormatExcel2013SingleSheetLowFootprintSignedNegative()" classname="org.zuinnote.hadoop.office.format.mapreduce.OfficeFormatHadoopExcelTest" time="0.046">
<system-out><![CDATA[
unique-id: [engine:junit-jupiter]/[class:org.zuinnote.hadoop.office.format.mapreduce.OfficeFormatHadoopExcelTest]/[method:writeExcelOutputFormatExcel2013SingleSheetLowFootprintSignedNegative()]
display-name: writeExcelOutputFormatExcel2013SingleSheetLowFootprintSignedNegative()
]]></system-out>
</testcase>
<testcase name="writeExcelOutputFormatExcel2003SingleSheetMetaDataMatchAllNegative()" classname="org.zuinnote.hadoop.office.format.mapreduce.OfficeFormatHadoopExcelTest" time="0.018">
<system-out><![CDATA[
unique-id: [engine:junit-jupiter]/[class:org.zuinnote.hadoop.office.format.mapreduce.OfficeFormatHadoopExcelTest]/[method:writeExcelOutputFormatExcel2003SingleSheetMetaDataMatchAllNegative()]
display-name: writeExcelOutputFormatExcel2003SingleSheetMetaDataMatchAllNegative()
]]></system-out>
</testcase>
<system-out><![CDATA[
unique-id: [engine:junit-jupiter]
display-name: JUnit Jupiter
]]></system-out>
</testsuite>
