<?xml version="1.0" encoding="UTF-8"?>
<testsuite name="JUnit Jupiter" tests="24" skipped="0" failures="0" errors="0" time="6.116" hostname="travis-job-zuinnote-hadoopoffice-397076670.travisci.net" timestamp="2018-06-26T21:10:06">
<properties>
[...]
</properties>
<testcase name="createKeyStoreforPasswords()" classname="org.zuinnote.flink.office.common.FlinkKeyStoreManagerTest" time="0.794">
<system-out><![CDATA[
unique-id: [engine:junit-jupiter]/[class:org.zuinnote.flink.office.common.FlinkKeyStoreManagerTest]/[method:createKeyStoreforPasswords()]
display-name: createKeyStoreforPasswords()
]]></system-out>
</testcase>
<testcase name="getPrivateKeyAndCertificate()" classname="org.zuinnote.flink.office.common.FlinkKeyStoreManagerTest" time="0.026">
<system-out><![CDATA[
unique-id: [engine:junit-jupiter]/[class:org.zuinnote.flink.office.common.FlinkKeyStoreManagerTest]/[method:getPrivateKeyAndCertificate()]
display-name: getPrivateKeyAndCertificate()
]]></system-out>
</testcase>
<testcase name="loadExistingKeyStore()" classname="org.zuinnote.flink.office.common.FlinkKeyStoreManagerTest" time="0.005">
<system-out><![CDATA[
unique-id: [engine:junit-jupiter]/[class:org.zuinnote.flink.office.common.FlinkKeyStoreManagerTest]/[method:loadExistingKeyStore()]
display-name: loadExistingKeyStore()
]]></system-out>
</testcase>
<testcase name="getAllX509Certificates()" classname="org.zuinnote.flink.office.common.FlinkKeyStoreManagerTest" time="0.029">
<system-out><![CDATA[
unique-id: [engine:junit-jupiter]/[class:org.zuinnote.flink.office.common.FlinkKeyStoreManagerTest]/[method:getAllX509Certificates()]
display-name: getAllX509Certificates()
]]></system-out>
</testcase>
<testcase name="checkCertificateAvailable()" classname="org.zuinnote.flink.office.common.FlinkKeyStoreManagerTest" time="0.004">
<system-out><![CDATA[
unique-id: [engine:junit-jupiter]/[class:org.zuinnote.flink.office.common.FlinkKeyStoreManagerTest]/[method:checkCertificateAvailable()]
display-name: checkCertificateAvailable()
]]></system-out>
</testcase>
<testcase name="checkKeystoreAvailable()" classname="org.zuinnote.flink.office.common.FlinkKeyStoreManagerTest" time="0.001">
<system-out><![CDATA[
unique-id: [engine:junit-jupiter]/[class:org.zuinnote.flink.office.common.FlinkKeyStoreManagerTest]/[method:checkKeystoreAvailable()]
display-name: checkKeystoreAvailable()
]]></system-out>
</testcase>
<testcase name="restoreExcel2013SingleSheet()" classname="org.zuinnote.flink.office.excel.FlinkExcelFileInputFormatTest" time="1.696">
<system-out><![CDATA[
unique-id: [engine:junit-jupiter]/[class:org.zuinnote.flink.office.excel.FlinkExcelFileInputFormatTest]/[method:restoreExcel2013SingleSheet()]
display-name: restoreExcel2013SingleSheet()
]]></system-out>
</testcase>
<testcase name="checkTestExcelSimpleSheetAvailable()" classname="org.zuinnote.flink.office.excel.FlinkExcelFileInputFormatTest" time="0.001">
<system-out><![CDATA[
unique-id: [engine:junit-jupiter]/[class:org.zuinnote.flink.office.excel.FlinkExcelFileInputFormatTest]/[method:checkTestExcelSimpleSheetAvailable()]
display-name: checkTestExcelSimpleSheetAvailable()
]]></system-out>
</testcase>
<testcase name="restoreExcel2003SingleSheet()" classname="org.zuinnote.flink.office.excel.FlinkExcelFileInputFormatTest" time="0.489">
<system-out><![CDATA[
unique-id: [engine:junit-jupiter]/[class:org.zuinnote.flink.office.excel.FlinkExcelFileInputFormatTest]/[method:restoreExcel2003SingleSheet()]
display-name: restoreExcel2003SingleSheet()
]]></system-out>
</testcase>
<testcase name="checkTestExcel2003SingleSheetAvailable()" classname="org.zuinnote.flink.office.excel.FlinkExcelFileInputFormatTest" time="0">
<system-out><![CDATA[
unique-id: [engine:junit-jupiter]/[class:org.zuinnote.flink.office.excel.FlinkExcelFileInputFormatTest]/[method:checkTestExcel2003SingleSheetAvailable()]
display-name: checkTestExcel2003SingleSheetAvailable()
]]></system-out>
</testcase>
<testcase name="readExcel2013SingleSheet()" classname="org.zuinnote.flink.office.excel.FlinkExcelFileInputFormatTest" time="0.041">
<system-out><![CDATA[
unique-id: [engine:junit-jupiter]/[class:org.zuinnote.flink.office.excel.FlinkExcelFileInputFormatTest]/[method:readExcel2013SingleSheet()]
display-name: readExcel2013SingleSheet()
]]></system-out>
</testcase>
<testcase name="readExcel2003SingleSheet()" classname="org.zuinnote.flink.office.excel.FlinkExcelFileInputFormatTest" time="0.012">
<system-out><![CDATA[
unique-id: [engine:junit-jupiter]/[class:org.zuinnote.flink.office.excel.FlinkExcelFileInputFormatTest]/[method:readExcel2003SingleSheet()]
display-name: readExcel2003SingleSheet()
]]></system-out>
</testcase>
<testcase name="checkTestExcel2013SingleSheetAvailable()" classname="org.zuinnote.flink.office.excel.FlinkExcelFileInputFormatTest" time="0.001">
<system-out><![CDATA[
unique-id: [engine:junit-jupiter]/[class:org.zuinnote.flink.office.excel.FlinkExcelFileInputFormatTest]/[method:checkTestExcel2013SingleSheetAvailable()]
display-name: checkTestExcel2013SingleSheetAvailable()
]]></system-out>
</testcase>
<testcase name="writeExcel2013SingleSheetWithHeader()" classname="org.zuinnote.flink.office.excel.FlinkExcelFileOutputFormatTest" time="0.347">
<system-out><![CDATA[
unique-id: [engine:junit-jupiter]/[class:org.zuinnote.flink.office.excel.FlinkExcelFileOutputFormatTest]/[method:writeExcel2013SingleSheetWithHeader()]
display-name: writeExcel2013SingleSheetWithHeader()
]]></system-out>
</testcase>
<testcase name="writeExcel2003SingleSheetWithoutHeader()" classname="org.zuinnote.flink.office.excel.FlinkExcelFileOutputFormatTest" time="0.092">
<system-out><![CDATA[
unique-id: [engine:junit-jupiter]/[class:org.zuinnote.flink.office.excel.FlinkExcelFileOutputFormatTest]/[method:writeExcel2003SingleSheetWithoutHeader()]
display-name: writeExcel2003SingleSheetWithoutHeader()
]]></system-out>
</testcase>
<testcase name="writeExcel2013SingleSheetWithoutheader()" classname="org.zuinnote.flink.office.excel.FlinkExcelFileOutputFormatTest" time="0.059">
<system-out><![CDATA[
unique-id: [engine:junit-jupiter]/[class:org.zuinnote.flink.office.excel.FlinkExcelFileOutputFormatTest]/[method:writeExcel2013SingleSheetWithoutheader()]
display-name: writeExcel2013SingleSheetWithoutheader()
]]></system-out>
</testcase>
<testcase name="writeExcel2003SingleSheetWithHeader()" classname="org.zuinnote.flink.office.excel.FlinkExcelFileOutputFormatTest" time="0.015">
<system-out><![CDATA[
unique-id: [engine:junit-jupiter]/[class:org.zuinnote.flink.office.excel.FlinkExcelFileOutputFormatTest]/[method:writeExcel2003SingleSheetWithHeader()]
display-name: writeExcel2003SingleSheetWithHeader()
]]></system-out>
</testcase>
<testcase name="readSimpleExcel2013()" classname="org.zuinnote.flink.office.excel.FlinkSimpleExcelFileInputFormatTest" time="0.167">
<system-out><![CDATA[
unique-id: [engine:junit-jupiter]/[class:org.zuinnote.flink.office.excel.FlinkSimpleExcelFileInputFormatTest]/[method:readSimpleExcel2013()]
display-name: readSimpleExcel2013()
]]></system-out>
</testcase>
<testcase name="checkTestExcelSimpleSheetAvailable()" classname="org.zuinnote.flink.office.excel.FlinkSimpleExcelFileInputFormatTest" time="0">
<system-out><![CDATA[
unique-id: [engine:junit-jupiter]/[class:org.zuinnote.flink.office.excel.FlinkSimpleExcelFileInputFormatTest]/[method:checkTestExcelSimpleSheetAvailable()]
display-name: checkTestExcelSimpleSheetAvailable()
]]></system-out>
</testcase>
<testcase name="checkTestExcel2003SingleSheetAvailable()" classname="org.zuinnote.flink.office.excel.FlinkSimpleExcelFileInputFormatTest" time="0">
<system-out><![CDATA[
unique-id: [engine:junit-jupiter]/[class:org.zuinnote.flink.office.excel.FlinkSimpleExcelFileInputFormatTest]/[method:checkTestExcel2003SingleSheetAvailable()]
display-name: checkTestExcel2003SingleSheetAvailable()
]]></system-out>
</testcase>
<testcase name="restoreSimpleExcel2013()" classname="org.zuinnote.flink.office.excel.FlinkSimpleExcelFileInputFormatTest" time="0.188">
<system-out><![CDATA[
unique-id: [engine:junit-jupiter]/[class:org.zuinnote.flink.office.excel.FlinkSimpleExcelFileInputFormatTest]/[method:restoreSimpleExcel2013()]
display-name: restoreSimpleExcel2013()
]]></system-out>
</testcase>
<testcase name="checkTestExcel2013SingleSheetAvailable()" classname="org.zuinnote.flink.office.excel.FlinkSimpleExcelFileInputFormatTest" time="0">
<system-out><![CDATA[
unique-id: [engine:junit-jupiter]/[class:org.zuinnote.flink.office.excel.FlinkSimpleExcelFileInputFormatTest]/[method:checkTestExcel2013SingleSheetAvailable()]
display-name: checkTestExcel2013SingleSheetAvailable()
]]></system-out>
</testcase>
<testcase name="writeSimpleExcel2013SingleSheetWithtHeader()" classname="org.zuinnote.flink.office.excel.FlinkSimpleExcelFileOutputFormatTest" time="0.291">
<system-out><![CDATA[
unique-id: [engine:junit-jupiter]/[class:org.zuinnote.flink.office.excel.FlinkSimpleExcelFileOutputFormatTest]/[method:writeSimpleExcel2013SingleSheetWithtHeader()]
display-name: writeSimpleExcel2013SingleSheetWithtHeader()
]]></system-out>
</testcase>
<testcase name="writeSimpleExcel2003SingleSheetWithHeader()" classname="org.zuinnote.flink.office.excel.FlinkSimpleExcelFileOutputFormatTest" time="0.171">
<system-out><![CDATA[
unique-id: [engine:junit-jupiter]/[class:org.zuinnote.flink.office.excel.FlinkSimpleExcelFileOutputFormatTest]/[method:writeSimpleExcel2003SingleSheetWithHeader()]
display-name: writeSimpleExcel2003SingleSheetWithHeader()
]]></system-out>
</testcase>
<system-out><![CDATA[
unique-id: [engine:junit-jupiter]
display-name: JUnit Jupiter
]]></system-out>
</testsuite>
